[2025-02-18 14:54:22,501] INFO autoreload 27089 8637510144 Watching for file changes with StatReloader
[2025-02-18 14:55:01,037] INFO autoreload 27089 8637510144 /Users/br/Desktop/IT/Projects/Lesta/TestTask/words/admin.py changed, reloading.
[2025-02-18 14:55:01,479] INFO autoreload 27099 8683876864 Watching for file changes with StatReloader
[2025-02-18 14:55:03,665] INFO basehttp 27099 13113270272 "GET / HTTP/1.1" 200 12068
[2025-02-18 14:55:03,765] WARNING log 27099 13130059776 Not Found: /apple-touch-icon-precomposed.png
[2025-02-18 14:55:03,769] WARNING log 27099 13113270272 Not Found: /favicon.ico
[2025-02-18 14:55:03,770] WARNING basehttp 27099 13130059776 "GET /apple-touch-icon-precomposed.png HTTP/1.1" 404 2273
[2025-02-18 14:55:03,770] WARNING basehttp 27099 13113270272 "GET /favicon.ico HTTP/1.1" 404 2210
[2025-02-18 14:55:03,775] WARNING log 27099 13130059776 Not Found: /apple-touch-icon.png
[2025-02-18 14:55:03,775] WARNING basehttp 27099 13130059776 "GET /apple-touch-icon.png HTTP/1.1" 404 2237
[2025-02-18 14:55:07,479] INFO basehttp 27099 13113270272 "GET /admin/ HTTP/1.1" 302 0
[2025-02-18 14:55:07,510] INFO basehttp 27099 13113270272 "GET /admin/login/?next=/admin/ HTTP/1.1" 200 4164
[2025-02-18 14:55:07,524] INFO basehttp 27099 13146849280 "GET /static/admin/css/dark_mode.css HTTP/1.1" 200 2804
[2025-02-18 14:55:07,526] INFO basehttp 27099 13113270272 "GET /static/admin/css/base.css HTTP/1.1" 200 22092
[2025-02-18 14:55:07,526] INFO basehttp 27099 13180428288 "GET /static/admin/css/nav_sidebar.css HTTP/1.1" 200 2810
[2025-02-18 14:55:07,526] INFO basehttp 27099 13163638784 "GET /static/admin/js/theme.js HTTP/1.1" 200 1653
[2025-02-18 14:55:07,526] INFO basehttp 27099 13214007296 "GET /static/admin/css/login.css HTTP/1.1" 200 951
[2025-02-18 14:55:07,527] INFO basehttp 27099 13197217792 "GET /static/admin/js/nav_sidebar.js HTTP/1.1" 200 3063
[2025-02-18 14:55:07,527] INFO basehttp 27099 13146849280 "GET /static/admin/css/responsive.css HTTP/1.1" 200 17972
[2025-02-18 14:56:11,591] INFO autoreload 27099 8683876864 /Users/br/Desktop/IT/Projects/Lesta/TestTask/users/models.py changed, reloading.
[2025-02-18 14:56:12,050] INFO autoreload 27188 8676778496 Watching for file changes with StatReloader
[2025-02-18 14:57:59,403] INFO autoreload 27188 8676778496 /Users/br/Desktop/IT/Projects/Lesta/TestTask/words/models.py changed, reloading.
[2025-02-18 14:57:59,829] INFO autoreload 27230 8602423808 Watching for file changes with StatReloader
[2025-02-18 14:58:33,353] INFO autoreload 27230 8602423808 /Users/br/Desktop/IT/Projects/Lesta/TestTask/words/models.py changed, reloading.
[2025-02-18 14:58:33,773] INFO autoreload 27247 8638177792 Watching for file changes with StatReloader
[2025-02-18 15:00:04,015] INFO autoreload 27247 8638177792 /Users/br/Desktop/IT/Projects/Lesta/TestTask/users/models.py changed, reloading.
[2025-02-18 15:00:04,444] INFO autoreload 27318 8637334016 Watching for file changes with StatReloader
[2025-02-18 15:00:44,024] INFO basehttp 27318 13021286400 "POST /admin/login/?next=/admin/ HTTP/1.1" 302 0
[2025-02-18 15:00:44,099] INFO basehttp 27318 13021286400 "GET /admin/ HTTP/1.1" 200 7282
[2025-02-18 15:00:44,113] INFO basehttp 27318 13021286400 "GET /static/admin/css/dashboard.css HTTP/1.1" 200 441
[2025-02-18 15:00:44,127] INFO basehttp 27318 13038075904 "GET /static/admin/img/icon-changelink.svg HTTP/1.1" 200 380
[2025-02-18 15:00:44,127] INFO basehttp 27318 13021286400 "GET /static/admin/img/icon-addlink.svg HTTP/1.1" 200 331
[2025-02-18 15:01:44,037] INFO autoreload 27318 8637334016 /Users/br/Desktop/IT/Projects/Lesta/TestTask/users/admin.py changed, reloading.
[2025-02-18 15:01:44,475] INFO autoreload 27408 8611238400 Watching for file changes with StatReloader
[2025-02-18 15:04:11,682] INFO autoreload 27408 8611238400 /Users/br/Desktop/IT/Projects/Lesta/TestTask/users/admin.py changed, reloading.
[2025-02-18 15:04:12,173] INFO autoreload 27468 8635265536 Watching for file changes with StatReloader
[2025-02-18 15:04:15,859] INFO basehttp 27468 13017415680 "GET /admin/ HTTP/1.1" 200 8073
[2025-02-18 15:04:17,159] INFO basehttp 27468 13017415680 "GET /admin/users/user/ HTTP/1.1" 200 10098
[2025-02-18 15:04:17,182] INFO basehttp 27468 13067784192 "GET /static/admin/js/jquery.init.js HTTP/1.1" 200 347
[2025-02-18 15:04:17,183] INFO basehttp 27468 13017415680 "GET /static/admin/css/changelists.css HTTP/1.1" 200 6878
[2025-02-18 15:04:17,185] INFO basehttp 27468 13084573696 "GET /static/admin/js/core.js HTTP/1.1" 200 6208
[2025-02-18 15:04:17,188] INFO basehttp 27468 13101363200 "GET /static/admin/js/admin/RelatedObjectLookups.js HTTP/1.1" 200 9097
[2025-02-18 15:04:17,188] INFO basehttp 27468 13067784192 "GET /static/admin/js/actions.js HTTP/1.1" 200 8076
[2025-02-18 15:04:17,189] INFO basehttp 27468 13084573696 "GET /static/admin/js/prepopulate.js HTTP/1.1" 200 1531
[2025-02-18 15:04:17,189] INFO basehttp 27468 13017415680 "GET /static/admin/js/urlify.js HTTP/1.1" 200 7887
[2025-02-18 15:04:17,190] INFO basehttp 27468 13067784192 "GET /static/admin/js/filters.js HTTP/1.1" 200 978
[2025-02-18 15:04:17,191] INFO basehttp 27468 13050994688 "GET /static/admin/js/vendor/jquery/jquery.js HTTP/1.1" 200 285314
[2025-02-18 15:04:17,191] INFO basehttp 27468 13101363200 "GET /static/admin/js/vendor/xregexp/xregexp.js HTTP/1.1" 200 325171
[2025-02-18 15:04:17,210] INFO basehttp 27468 13034205184 "GET /admin/jsi18n/ HTTP/1.1" 200 3342
[2025-02-18 15:04:17,235] INFO basehttp 27468 13017415680 "GET /static/admin/img/tooltag-add.svg HTTP/1.1" 200 331
[2025-02-18 15:04:19,595] INFO basehttp 27468 13067784192 "GET /admin/users/user/3/change/ HTTP/1.1" 200 22873
[2025-02-18 15:04:19,604] INFO basehttp 27468 13050994688 "GET /static/admin/css/forms.css HTTP/1.1" 200 8794
[2025-02-18 15:04:19,605] INFO basehttp 27468 13034205184 "GET /static/admin/js/calendar.js HTTP/1.1" 200 9141
[2025-02-18 15:04:19,605] INFO basehttp 27468 13084573696 "GET /static/admin/js/change_form.js HTTP/1.1" 200 606
[2025-02-18 15:04:19,605] INFO basehttp 27468 13067784192 "GET /static/admin/js/prepopulate_init.js HTTP/1.1" 200 586
[2025-02-18 15:04:19,606] INFO basehttp 27468 13017415680 "GET /static/admin/js/admin/DateTimeShortcuts.js HTTP/1.1" 200 19319
[2025-02-18 15:04:19,606] INFO basehttp 27468 13050994688 "GET /static/admin/css/widgets.css HTTP/1.1" 200 11564
[2025-02-18 15:04:19,632] INFO basehttp 27468 13101363200 "GET /admin/jsi18n/ HTTP/1.1" 200 3342
[2025-02-18 15:04:19,660] INFO basehttp 27468 13034205184 "GET /static/admin/img/icon-clock.svg HTTP/1.1" 200 677
[2025-02-18 15:04:19,660] INFO basehttp 27468 13017415680 "GET /static/admin/img/icon-calendar.svg HTTP/1.1" 200 1086
[2025-02-18 15:04:53,889] INFO basehttp 27468 13017415680 "GET /admin/users/user/3/change/ HTTP/1.1" 200 22873
[2025-02-18 15:04:53,934] INFO basehttp 27468 13017415680 "GET /admin/jsi18n/ HTTP/1.1" 200 3342
[2025-02-18 15:04:54,021] INFO autoreload 27468 8635265536 /Users/br/Desktop/IT/Projects/Lesta/TestTask/users/admin.py changed, reloading.
[2025-02-18 15:04:54,476] INFO autoreload 27509 8609636864 Watching for file changes with StatReloader
[2025-02-18 15:05:25,136] INFO autoreload 27509 8609636864 /Users/br/Desktop/IT/Projects/Lesta/TestTask/users/admin.py changed, reloading.
[2025-02-18 15:05:25,550] INFO autoreload 27519 8642429440 Watching for file changes with StatReloader
[2025-02-18 15:05:42,862] INFO autoreload 27519 8642429440 /Users/br/Desktop/IT/Projects/Lesta/TestTask/users/admin.py changed, reloading.
[2025-02-18 15:05:43,299] INFO autoreload 27531 8645308928 Watching for file changes with StatReloader
[2025-02-18 15:08:15,121] INFO autoreload 27531 8645308928 /Users/br/Desktop/IT/Projects/Lesta/TestTask/users/admin.py changed, reloading.
[2025-02-18 15:08:15,542] INFO autoreload 27584 8612626944 Watching for file changes with StatReloader
[2025-02-18 15:08:51,090] INFO autoreload 27584 8612626944 /Users/br/Desktop/IT/Projects/Lesta/TestTask/users/admin.py changed, reloading.
[2025-02-18 15:08:51,508] INFO autoreload 27598 8642204160 Watching for file changes with StatReloader
[2025-02-18 15:09:22,962] INFO autoreload 27598 8642204160 /Users/br/Desktop/IT/Projects/Lesta/TestTask/users/admin.py changed, reloading.
[2025-02-18 15:09:23,387] INFO autoreload 27611 8641159680 Watching for file changes with StatReloader
[2025-02-18 15:09:28,214] INFO basehttp 27611 13029220352 "GET /admin/users/user/ HTTP/1.1" 200 13967
[2025-02-18 15:09:28,246] INFO basehttp 27611 13046009856 "GET /static/admin/img/search.svg HTTP/1.1" 200 458
[2025-02-18 15:09:28,248] INFO basehttp 27611 13046009856 "GET /static/admin/img/icon-yes.svg HTTP/1.1" 200 436
[2025-02-18 15:09:28,276] INFO basehttp 27611 13029220352 "GET /admin/jsi18n/ HTTP/1.1" 200 3342
[2025-02-18 15:09:28,332] INFO basehttp 27611 13029220352 "GET /static/admin/img/icon-viewlink.svg HTTP/1.1" 200 581
[2025-02-18 15:09:28,332] INFO basehttp 27611 13046009856 "GET /static/admin/img/sorting-icons.svg HTTP/1.1" 200 1097
[2025-02-18 15:09:31,630] INFO basehttp 27611 13029220352 "GET /admin/users/user/3/change/ HTTP/1.1" 200 22983
[2025-02-18 15:09:31,669] INFO basehttp 27611 13046009856 "GET /admin/jsi18n/ HTTP/1.1" 200 3342
[2025-02-18 15:10:14,229] INFO autoreload 27611 8641159680 /Users/br/Desktop/IT/Projects/Lesta/TestTask/users/admin.py changed, reloading.
[2025-02-18 15:10:14,670] INFO autoreload 27646 8614502912 Watching for file changes with StatReloader
[2025-02-18 15:10:56,412] INFO basehttp 27646 12977192960 "GET /admin/users/user/3/change/ HTTP/1.1" 200 22248
[2025-02-18 15:10:56,460] INFO basehttp 27646 12977192960 "GET /admin/jsi18n/ HTTP/1.1" 200 3342
[2025-02-18 15:11:08,244] INFO basehttp 27646 12977192960 "GET /admin/words/file/ HTTP/1.1" 200 11294
[2025-02-18 15:11:08,293] INFO basehttp 27646 12977192960 "GET /admin/jsi18n/ HTTP/1.1" 200 3342
[2025-02-18 15:11:09,646] INFO basehttp 27646 12977192960 "GET /admin/words/word/ HTTP/1.1" 200 11123
[2025-02-18 15:11:09,694] INFO basehttp 27646 12977192960 "GET /admin/jsi18n/ HTTP/1.1" 200 3342
[2025-02-18 15:11:12,466] INFO basehttp 27646 12977192960 "GET /admin/words/wordsinfiles/ HTTP/1.1" 200 11350
[2025-02-18 15:11:12,521] INFO basehttp 27646 12977192960 "GET /admin/jsi18n/ HTTP/1.1" 200 3342
[2025-02-18 15:11:15,594] INFO basehttp 27646 12977192960 "GET /admin/words/file/ HTTP/1.1" 200 11294
[2025-02-18 15:11:15,645] INFO basehttp 27646 12977192960 "GET /admin/jsi18n/ HTTP/1.1" 200 3342
[2025-02-18 15:11:18,815] INFO basehttp 27646 12977192960 "GET /admin/words/file/add/ HTTP/1.1" 200 14373
[2025-02-18 15:11:18,836] INFO basehttp 27646 12993982464 "GET /static/admin/img/icon-deletelink.svg HTTP/1.1" 200 392
[2025-02-18 15:11:18,867] INFO basehttp 27646 12977192960 "GET /admin/jsi18n/ HTTP/1.1" 200 3342
[2025-02-18 15:11:33,161] INFO autoreload 27646 8614502912 /Users/br/Desktop/IT/Projects/Lesta/TestTask/words/admin.py changed, reloading.
[2025-02-18 15:11:33,640] INFO autoreload 27705 8677437952 Watching for file changes with StatReloader
[2025-02-18 15:11:35,401] INFO basehttp 27705 13103521792 "GET /admin/words/file/add/ HTTP/1.1" 200 14458
[2025-02-18 15:11:35,453] INFO basehttp 27705 13103521792 "GET /admin/jsi18n/ HTTP/1.1" 200 3342
[2025-02-18 15:15:23,253] INFO autoreload 27705 8677437952 /Users/br/Desktop/IT/Projects/Lesta/TestTask/words/models.py changed, reloading.
[2025-02-18 15:15:23,815] INFO autoreload 27769 8675639808 Watching for file changes with StatReloader
[2025-02-18 15:16:32,648] INFO autoreload 27769 8675639808 /Users/br/Desktop/IT/Projects/Lesta/TestTask/words/models.py changed, reloading.
[2025-02-18 15:16:33,057] INFO autoreload 27795 8639848960 Watching for file changes with StatReloader
[2025-02-18 15:17:08,812] INFO autoreload 27795 8639848960 /Users/br/Desktop/IT/Projects/Lesta/TestTask/TestTask/urls.py changed, reloading.
[2025-02-18 15:17:09,336] INFO autoreload 27816 8672133632 Watching for file changes with StatReloader
[2025-02-18 15:17:24,602] INFO autoreload 27816 8672133632 /Users/br/Desktop/IT/Projects/Lesta/TestTask/TestTask/urls.py changed, reloading.
[2025-02-18 15:17:25,090] INFO autoreload 27825 8682451456 Watching for file changes with StatReloader
[2025-02-18 15:18:19,905] INFO autoreload 27825 8682451456 /Users/br/Desktop/IT/Projects/Lesta/TestTask/TestTask/settings.py changed, reloading.
[2025-02-18 15:18:20,325] INFO autoreload 27878 8679637504 Watching for file changes with StatReloader
[2025-02-18 15:18:24,822] INFO basehttp 27878 13106143232 "GET /admin/words/file/add/ HTTP/1.1" 200 14458
[2025-02-18 15:18:24,870] INFO basehttp 27878 13106143232 "GET /admin/jsi18n/ HTTP/1.1" 200 3342
[2025-02-18 15:18:42,368] INFO basehttp 27878 13106143232 "POST /admin/words/file/add/ HTTP/1.1" 200 14651
[2025-02-18 15:18:42,423] INFO basehttp 27878 13106143232 "GET /admin/jsi18n/ HTTP/1.1" 200 3342
[2025-02-18 15:19:18,008] INFO basehttp 27878 13106143232 "POST /admin/words/file/add/ HTTP/1.1" 200 14651
[2025-02-18 15:19:18,067] INFO basehttp 27878 13106143232 "GET /admin/jsi18n/ HTTP/1.1" 200 3342
[2025-02-18 15:19:49,018] INFO autoreload 27878 8679637504 /Users/br/Desktop/IT/Projects/Lesta/TestTask/words/models.py changed, reloading.
[2025-02-18 15:19:49,512] INFO autoreload 27941 8611590656 Watching for file changes with StatReloader
[2025-02-18 15:19:56,318] INFO basehttp 27941 12968787968 "POST /admin/words/file/add/ HTTP/1.1" 302 0
[2025-02-18 15:19:56,426] INFO basehttp 27941 12968787968 "GET /admin/words/file/ HTTP/1.1" 200 14006
[2025-02-18 15:19:56,484] INFO basehttp 27941 12968787968 "GET /admin/jsi18n/ HTTP/1.1" 200 3342
[2025-02-18 15:24:38,488] INFO autoreload 27941 8611590656 /Users/br/Desktop/IT/Projects/Lesta/TestTask/words/models.py changed, reloading.
[2025-02-18 15:24:39,017] INFO autoreload 28091 8681607680 Watching for file changes with StatReloader
[2025-02-18 15:24:59,156] INFO basehttp 28091 13109587968 "GET /admin/words/word/ HTTP/1.1" 200 11123
[2025-02-18 15:24:59,171] INFO basehttp 28091 13193535488 "GET /static/admin/js/nav_sidebar.js HTTP/1.1" 304 0
[2025-02-18 15:24:59,172] INFO basehttp 28091 13126377472 "GET /static/admin/css/base.css HTTP/1.1" 304 0
[2025-02-18 15:24:59,172] INFO basehttp 28091 13176745984 "GET /static/admin/css/nav_sidebar.css HTTP/1.1" 304 0
[2025-02-18 15:24:59,172] INFO basehttp 28091 13143166976 "GET /static/admin/css/dark_mode.css HTTP/1.1" 304 0
[2025-02-18 15:24:59,172] INFO basehttp 28091 13159956480 "GET /static/admin/js/theme.js HTTP/1.1" 304 0
[2025-02-18 15:24:59,173] INFO basehttp 28091 13176745984 "GET /static/admin/css/responsive.css HTTP/1.1" 304 0
[2025-02-18 15:24:59,200] INFO basehttp 28091 13109587968 "GET /admin/jsi18n/ HTTP/1.1" 200 3342
[2025-02-18 15:25:00,955] INFO basehttp 28091 13126377472 "GET /admin/words/word/add/ HTTP/1.1" 200 11096
[2025-02-18 15:25:01,006] INFO basehttp 28091 13143166976 "GET /admin/jsi18n/ HTTP/1.1" 200 3342
[2025-02-18 15:25:14,693] INFO autoreload 28091 8681607680 /Users/br/Desktop/IT/Projects/Lesta/TestTask/words/admin.py changed, reloading.
[2025-02-18 15:25:15,200] INFO autoreload 28116 8667234816 Watching for file changes with StatReloader
[2025-02-18 15:25:20,523] INFO basehttp 28116 13082337280 "GET /admin/words/word/add/ HTTP/1.1" 200 11203
[2025-02-18 15:25:20,566] INFO basehttp 28116 13082337280 "GET /admin/jsi18n/ HTTP/1.1" 200 3342
[2025-02-18 15:25:25,695] INFO basehttp 28116 13082337280 "POST /admin/words/word/add/ HTTP/1.1" 302 0
[2025-02-18 15:25:25,782] INFO basehttp 28116 13082337280 "GET /admin/words/word/ HTTP/1.1" 200 13610
[2025-02-18 15:25:25,835] INFO basehttp 28116 13082337280 "GET /admin/jsi18n/ HTTP/1.1" 200 3342
[2025-02-18 15:25:38,910] INFO basehttp 28116 13082337280 "GET /admin/words/word/504/change/ HTTP/1.1" 200 11467
[2025-02-18 15:25:38,957] INFO basehttp 28116 13082337280 "GET /admin/jsi18n/ HTTP/1.1" 200 3342
[2025-02-18 15:25:59,586] INFO basehttp 28116 13082337280 "GET /admin/words/file/ HTTP/1.1" 200 13811
[2025-02-18 15:25:59,638] INFO basehttp 28116 13082337280 "GET /admin/jsi18n/ HTTP/1.1" 200 3342
[2025-02-18 15:26:01,356] INFO basehttp 28116 13082337280 "GET /admin/words/file/2/change/ HTTP/1.1" 200 14858
[2025-02-18 15:26:01,403] INFO basehttp 28116 13082337280 "GET /admin/jsi18n/ HTTP/1.1" 200 3342
[2025-02-18 15:26:06,846] INFO basehttp 28116 13082337280 "GET /admin/words/wordsinfiles/ HTTP/1.1" 200 11350
[2025-02-18 15:26:06,897] INFO basehttp 28116 13082337280 "GET /admin/jsi18n/ HTTP/1.1" 200 3342
[2025-02-18 15:26:08,934] INFO basehttp 28116 13082337280 "GET /admin/words/word/ HTTP/1.1" 200 13416
[2025-02-18 15:26:08,981] INFO basehttp 28116 13082337280 "GET /admin/jsi18n/ HTTP/1.1" 200 3342
[2025-02-18 15:26:10,326] INFO basehttp 28116 13082337280 "GET /admin/words/word/add/ HTTP/1.1" 200 11203
[2025-02-18 15:26:10,371] INFO basehttp 28116 13082337280 "GET /admin/jsi18n/ HTTP/1.1" 200 3342
[2025-02-18 15:26:11,790] INFO basehttp 28116 13082337280 "POST /admin/words/word/add/ HTTP/1.1" 302 0
[2025-02-18 15:26:11,853] INFO basehttp 28116 13082337280 "GET /admin/words/word/ HTTP/1.1" 200 14141
[2025-02-18 15:26:11,906] INFO basehttp 28116 13082337280 "GET /admin/jsi18n/ HTTP/1.1" 200 3342
[2025-02-18 15:26:13,465] INFO basehttp 28116 13082337280 "GET /admin/words/wordsinfiles/ HTTP/1.1" 200 11350
[2025-02-18 15:26:13,514] INFO basehttp 28116 13082337280 "GET /admin/jsi18n/ HTTP/1.1" 200 3342
[2025-02-18 15:26:15,077] INFO basehttp 28116 13082337280 "GET /admin/words/wordsinfiles/add/ HTTP/1.1" 200 12251
[2025-02-18 15:26:15,124] INFO basehttp 28116 13082337280 "GET /admin/jsi18n/ HTTP/1.1" 200 3342
[2025-02-18 15:26:27,578] INFO autoreload 28116 8667234816 /Users/br/Desktop/IT/Projects/Lesta/TestTask/words/admin.py changed, reloading.
[2025-02-18 15:26:28,102] INFO autoreload 28187 8669327872 Watching for file changes with StatReloader
[2025-02-18 15:26:29,688] INFO basehttp 28187 13084741632 "GET /admin/words/wordsinfiles/add/ HTTP/1.1" 200 14690
[2025-02-18 15:26:29,733] INFO basehttp 28187 13084741632 "GET /admin/jsi18n/ HTTP/1.1" 200 3342
[2025-02-18 15:26:36,414] ERROR log 28187 13084741632 Internal Server Error: /admin/words/wordsinfiles/add/
Traceback (most recent call last):
  File "/Users/br/Desktop/IT/Projects/Lesta/TestTask/testenv/lib/python3.11/site-packages/django/db/backends/utils.py", line 105, in _execute
    return self.cursor.execute(sql, params)
           ^^^^^^^^^^^^^^^^^^^^^^^^^^^^^^^^
  File "/Users/br/Desktop/IT/Projects/Lesta/TestTask/testenv/lib/python3.11/site-packages/psycopg/cursor.py", line 97, in execute
    raise ex.with_traceback(None)
psycopg.errors.NotNullViolation: null value in column "count" of relation "words_wordsinfiles" violates not-null constraint
DETAIL:  Failing row contains (1, null, t, 2025-02-18 10:26:36.348869+00, 2025-02-18 10:26:36.348918+00, 2, 505).

The above exception was the direct cause of the following exception:

Traceback (most recent call last):
  File "/Users/br/Desktop/IT/Projects/Lesta/TestTask/testenv/lib/python3.11/site-packages/django/core/handlers/exception.py", line 55, in inner
    response = get_response(request)
               ^^^^^^^^^^^^^^^^^^^^^
  File "/Users/br/Desktop/IT/Projects/Lesta/TestTask/testenv/lib/python3.11/site-packages/django/core/handlers/base.py", line 197, in _get_response
    response = wrapped_callback(request, *callback_args, **callback_kwargs)
               ^^^^^^^^^^^^^^^^^^^^^^^^^^^^^^^^^^^^^^^^^^^^^^^^^^^^^^^^^^^^
  File "/Users/br/Desktop/IT/Projects/Lesta/TestTask/testenv/lib/python3.11/site-packages/django/contrib/admin/options.py", line 718, in wrapper
    return self.admin_site.admin_view(view)(*args, **kwargs)
           ^^^^^^^^^^^^^^^^^^^^^^^^^^^^^^^^^^^^^^^^^^^^^^^^^
  File "/Users/br/Desktop/IT/Projects/Lesta/TestTask/testenv/lib/python3.11/site-packages/django/utils/decorators.py", line 188, in _view_wrapper
    result = _process_exception(request, e)
             ^^^^^^^^^^^^^^^^^^^^^^^^^^^^^^
  File "/Users/br/Desktop/IT/Projects/Lesta/TestTask/testenv/lib/python3.11/site-packages/django/utils/decorators.py", line 186, in _view_wrapper
    response = view_func(request, *args, **kwargs)
               ^^^^^^^^^^^^^^^^^^^^^^^^^^^^^^^^^^^
  File "/Users/br/Desktop/IT/Projects/Lesta/TestTask/testenv/lib/python3.11/site-packages/django/views/decorators/cache.py", line 80, in _view_wrapper
    response = view_func(request, *args, **kwargs)
               ^^^^^^^^^^^^^^^^^^^^^^^^^^^^^^^^^^^
  File "/Users/br/Desktop/IT/Projects/Lesta/TestTask/testenv/lib/python3.11/site-packages/django/contrib/admin/sites.py", line 241, in inner
    return view(request, *args, **kwargs)
           ^^^^^^^^^^^^^^^^^^^^^^^^^^^^^^
  File "/Users/br/Desktop/IT/Projects/Lesta/TestTask/testenv/lib/python3.11/site-packages/django/contrib/admin/options.py", line 1961, in add_view
    return self.changeform_view(request, None, form_url, extra_context)
           ^^^^^^^^^^^^^^^^^^^^^^^^^^^^^^^^^^^^^^^^^^^^^^^^^^^^^^^^^^^^
  File "/Users/br/Desktop/IT/Projects/Lesta/TestTask/testenv/lib/python3.11/site-packages/django/utils/decorators.py", line 48, in _wrapper
    return bound_method(*args, **kwargs)
           ^^^^^^^^^^^^^^^^^^^^^^^^^^^^^
  File "/Users/br/Desktop/IT/Projects/Lesta/TestTask/testenv/lib/python3.11/site-packages/django/utils/decorators.py", line 188, in _view_wrapper
    result = _process_exception(request, e)
             ^^^^^^^^^^^^^^^^^^^^^^^^^^^^^^
  File "/Users/br/Desktop/IT/Projects/Lesta/TestTask/testenv/lib/python3.11/site-packages/django/utils/decorators.py", line 186, in _view_wrapper
    response = view_func(request, *args, **kwargs)
               ^^^^^^^^^^^^^^^^^^^^^^^^^^^^^^^^^^^
  File "/Users/br/Desktop/IT/Projects/Lesta/TestTask/testenv/lib/python3.11/site-packages/django/contrib/admin/options.py", line 1820, in changeform_view
    return self._changeform_view(request, object_id, form_url, extra_context)
           ^^^^^^^^^^^^^^^^^^^^^^^^^^^^^^^^^^^^^^^^^^^^^^^^^^^^^^^^^^^^^^^^^^
  File "/Users/br/Desktop/IT/Projects/Lesta/TestTask/testenv/lib/python3.11/site-packages/django/contrib/admin/options.py", line 1871, in _changeform_view
    self.save_model(request, new_object, form, not add)
  File "/Users/br/Desktop/IT/Projects/Lesta/TestTask/testenv/lib/python3.11/site-packages/django/contrib/admin/options.py", line 1294, in save_model
    obj.save()
  File "/Users/br/Desktop/IT/Projects/Lesta/TestTask/testenv/lib/python3.11/site-packages/django/db/models/base.py", line 892, in save
    self.save_base(
  File "/Users/br/Desktop/IT/Projects/Lesta/TestTask/testenv/lib/python3.11/site-packages/django/db/models/base.py", line 998, in save_base
    updated = self._save_table(
              ^^^^^^^^^^^^^^^^^
  File "/Users/br/Desktop/IT/Projects/Lesta/TestTask/testenv/lib/python3.11/site-packages/django/db/models/base.py", line 1161, in _save_table
    results = self._do_insert(
              ^^^^^^^^^^^^^^^^
  File "/Users/br/Desktop/IT/Projects/Lesta/TestTask/testenv/lib/python3.11/site-packages/django/db/models/base.py", line 1202, in _do_insert
    return manager._insert(
           ^^^^^^^^^^^^^^^^
  File "/Users/br/Desktop/IT/Projects/Lesta/TestTask/testenv/lib/python3.11/site-packages/django/db/models/manager.py", line 87, in manager_method
    return getattr(self.get_queryset(), name)(*args, **kwargs)
           ^^^^^^^^^^^^^^^^^^^^^^^^^^^^^^^^^^^^^^^^^^^^^^^^^^^
  File "/Users/br/Desktop/IT/Projects/Lesta/TestTask/testenv/lib/python3.11/site-packages/django/db/models/query.py", line 1847, in _insert
    return query.get_compiler(using=using).execute_sql(returning_fields)
           ^^^^^^^^^^^^^^^^^^^^^^^^^^^^^^^^^^^^^^^^^^^^^^^^^^^^^^^^^^^^^
  File "/Users/br/Desktop/IT/Projects/Lesta/TestTask/testenv/lib/python3.11/site-packages/django/db/models/sql/compiler.py", line 1836, in execute_sql
    cursor.execute(sql, params)
  File "/Users/br/Desktop/IT/Projects/Lesta/TestTask/testenv/lib/python3.11/site-packages/django/db/backends/utils.py", line 122, in execute
    return super().execute(sql, params)
           ^^^^^^^^^^^^^^^^^^^^^^^^^^^^
  File "/Users/br/Desktop/IT/Projects/Lesta/TestTask/testenv/lib/python3.11/site-packages/django/db/backends/utils.py", line 79, in execute
    return self._execute_with_wrappers(
           ^^^^^^^^^^^^^^^^^^^^^^^^^^^^
  File "/Users/br/Desktop/IT/Projects/Lesta/TestTask/testenv/lib/python3.11/site-packages/django/db/backends/utils.py", line 92, in _execute_with_wrappers
    return executor(sql, params, many, context)
           ^^^^^^^^^^^^^^^^^^^^^^^^^^^^^^^^^^^^
  File "/Users/br/Desktop/IT/Projects/Lesta/TestTask/testenv/lib/python3.11/site-packages/django/db/backends/utils.py", line 100, in _execute
    with self.db.wrap_database_errors:
  File "/Users/br/Desktop/IT/Projects/Lesta/TestTask/testenv/lib/python3.11/site-packages/django/db/utils.py", line 91, in __exit__
    raise dj_exc_value.with_traceback(traceback) from exc_value
  File "/Users/br/Desktop/IT/Projects/Lesta/TestTask/testenv/lib/python3.11/site-packages/django/db/backends/utils.py", line 105, in _execute
    return self.cursor.execute(sql, params)
           ^^^^^^^^^^^^^^^^^^^^^^^^^^^^^^^^
  File "/Users/br/Desktop/IT/Projects/Lesta/TestTask/testenv/lib/python3.11/site-packages/psycopg/cursor.py", line 97, in execute
    raise ex.with_traceback(None)
django.db.utils.IntegrityError: null value in column "count" of relation "words_wordsinfiles" violates not-null constraint
DETAIL:  Failing row contains (1, null, t, 2025-02-18 10:26:36.348869+00, 2025-02-18 10:26:36.348918+00, 2, 505).
[2025-02-18 15:26:36,419] ERROR basehttp 28187 13084741632 "POST /admin/words/wordsinfiles/add/ HTTP/1.1" 500 205276
[2025-02-18 15:26:50,717] INFO autoreload 28187 8669327872 /Users/br/Desktop/IT/Projects/Lesta/TestTask/words/admin.py changed, reloading.
[2025-02-18 15:26:51,260] INFO autoreload 28203 8677106176 Watching for file changes with StatReloader
[2025-02-18 15:26:52,720] INFO basehttp 28203 13100195840 "GET /admin/words/wordsinfiles/add/ HTTP/1.1" 200 14780
[2025-02-18 15:26:52,769] INFO basehttp 28203 13100195840 "GET /admin/jsi18n/ HTTP/1.1" 200 3342
[2025-02-18 15:26:57,868] ERROR log 28203 13100195840 Internal Server Error: /admin/words/wordsinfiles/add/
Traceback (most recent call last):
  File "/Users/br/Desktop/IT/Projects/Lesta/TestTask/testenv/lib/python3.11/site-packages/django/core/handlers/exception.py", line 55, in inner
    response = get_response(request)
               ^^^^^^^^^^^^^^^^^^^^^
  File "/Users/br/Desktop/IT/Projects/Lesta/TestTask/testenv/lib/python3.11/site-packages/django/core/handlers/base.py", line 197, in _get_response
    response = wrapped_callback(request, *callback_args, **callback_kwargs)
               ^^^^^^^^^^^^^^^^^^^^^^^^^^^^^^^^^^^^^^^^^^^^^^^^^^^^^^^^^^^^
  File "/Users/br/Desktop/IT/Projects/Lesta/TestTask/testenv/lib/python3.11/site-packages/django/contrib/admin/options.py", line 718, in wrapper
    return self.admin_site.admin_view(view)(*args, **kwargs)
           ^^^^^^^^^^^^^^^^^^^^^^^^^^^^^^^^^^^^^^^^^^^^^^^^^
  File "/Users/br/Desktop/IT/Projects/Lesta/TestTask/testenv/lib/python3.11/site-packages/django/utils/decorators.py", line 188, in _view_wrapper
    result = _process_exception(request, e)
             ^^^^^^^^^^^^^^^^^^^^^^^^^^^^^^
  File "/Users/br/Desktop/IT/Projects/Lesta/TestTask/testenv/lib/python3.11/site-packages/django/utils/decorators.py", line 186, in _view_wrapper
    response = view_func(request, *args, **kwargs)
               ^^^^^^^^^^^^^^^^^^^^^^^^^^^^^^^^^^^
  File "/Users/br/Desktop/IT/Projects/Lesta/TestTask/testenv/lib/python3.11/site-packages/django/views/decorators/cache.py", line 80, in _view_wrapper
    response = view_func(request, *args, **kwargs)
               ^^^^^^^^^^^^^^^^^^^^^^^^^^^^^^^^^^^
  File "/Users/br/Desktop/IT/Projects/Lesta/TestTask/testenv/lib/python3.11/site-packages/django/contrib/admin/sites.py", line 241, in inner
    return view(request, *args, **kwargs)
           ^^^^^^^^^^^^^^^^^^^^^^^^^^^^^^
  File "/Users/br/Desktop/IT/Projects/Lesta/TestTask/testenv/lib/python3.11/site-packages/django/contrib/admin/options.py", line 1961, in add_view
    return self.changeform_view(request, None, form_url, extra_context)
           ^^^^^^^^^^^^^^^^^^^^^^^^^^^^^^^^^^^^^^^^^^^^^^^^^^^^^^^^^^^^
  File "/Users/br/Desktop/IT/Projects/Lesta/TestTask/testenv/lib/python3.11/site-packages/django/utils/decorators.py", line 48, in _wrapper
    return bound_method(*args, **kwargs)
           ^^^^^^^^^^^^^^^^^^^^^^^^^^^^^
  File "/Users/br/Desktop/IT/Projects/Lesta/TestTask/testenv/lib/python3.11/site-packages/django/utils/decorators.py", line 188, in _view_wrapper
    result = _process_exception(request, e)
             ^^^^^^^^^^^^^^^^^^^^^^^^^^^^^^
  File "/Users/br/Desktop/IT/Projects/Lesta/TestTask/testenv/lib/python3.11/site-packages/django/utils/decorators.py", line 186, in _view_wrapper
    response = view_func(request, *args, **kwargs)
               ^^^^^^^^^^^^^^^^^^^^^^^^^^^^^^^^^^^
  File "/Users/br/Desktop/IT/Projects/Lesta/TestTask/testenv/lib/python3.11/site-packages/django/contrib/admin/options.py", line 1820, in changeform_view
    return self._changeform_view(request, object_id, form_url, extra_context)
           ^^^^^^^^^^^^^^^^^^^^^^^^^^^^^^^^^^^^^^^^^^^^^^^^^^^^^^^^^^^^^^^^^^
  File "/Users/br/Desktop/IT/Projects/Lesta/TestTask/testenv/lib/python3.11/site-packages/django/contrib/admin/options.py", line 1877, in _changeform_view
    self.log_addition(request, new_object, change_message)
  File "/Users/br/Desktop/IT/Projects/Lesta/TestTask/testenv/lib/python3.11/site-packages/django/contrib/admin/options.py", line 952, in log_addition
    return LogEntry.objects.log_actions(
           ^^^^^^^^^^^^^^^^^^^^^^^^^^^^^
  File "/Users/br/Desktop/IT/Projects/Lesta/TestTask/testenv/lib/python3.11/site-packages/django/contrib/admin/models.py", line 82, in log_actions
    log_entry_list = [
                     ^
  File "/Users/br/Desktop/IT/Projects/Lesta/TestTask/testenv/lib/python3.11/site-packages/django/contrib/admin/models.py", line 89, in <listcomp>
    object_repr=str(obj)[:200],
                ^^^^^^^^
  File "/Users/br/Desktop/IT/Projects/Lesta/TestTask/words/models.py", line 66, in __str__
    return f"{self.file} - {self.word}"
              ^^^^^^^^^
AttributeError: 'WordsInFiles' object has no attribute 'file'
[2025-02-18 15:26:57,871] ERROR basehttp 28203 13100195840 "POST /admin/words/wordsinfiles/add/ HTTP/1.1" 500 133320
[2025-02-18 15:27:56,441] INFO autoreload 28203 8677106176 /Users/br/Desktop/IT/Projects/Lesta/TestTask/words/models.py changed, reloading.
[2025-02-18 15:27:56,989] INFO autoreload 28229 8649908736 Watching for file changes with StatReloader
[2025-02-18 15:27:58,516] ERROR log 28229 13045145600 Internal Server Error: /admin/words/wordsinfiles/add/
Traceback (most recent call last):
  File "/Users/br/Desktop/IT/Projects/Lesta/TestTask/testenv/lib/python3.11/site-packages/django/core/handlers/exception.py", line 55, in inner
    response = get_response(request)
               ^^^^^^^^^^^^^^^^^^^^^
  File "/Users/br/Desktop/IT/Projects/Lesta/TestTask/testenv/lib/python3.11/site-packages/django/core/handlers/base.py", line 197, in _get_response
    response = wrapped_callback(request, *callback_args, **callback_kwargs)
               ^^^^^^^^^^^^^^^^^^^^^^^^^^^^^^^^^^^^^^^^^^^^^^^^^^^^^^^^^^^^
  File "/Users/br/Desktop/IT/Projects/Lesta/TestTask/testenv/lib/python3.11/site-packages/django/contrib/admin/options.py", line 718, in wrapper
    return self.admin_site.admin_view(view)(*args, **kwargs)
           ^^^^^^^^^^^^^^^^^^^^^^^^^^^^^^^^^^^^^^^^^^^^^^^^^
  File "/Users/br/Desktop/IT/Projects/Lesta/TestTask/testenv/lib/python3.11/site-packages/django/utils/decorators.py", line 188, in _view_wrapper
    result = _process_exception(request, e)
             ^^^^^^^^^^^^^^^^^^^^^^^^^^^^^^
  File "/Users/br/Desktop/IT/Projects/Lesta/TestTask/testenv/lib/python3.11/site-packages/django/utils/decorators.py", line 186, in _view_wrapper
    response = view_func(request, *args, **kwargs)
               ^^^^^^^^^^^^^^^^^^^^^^^^^^^^^^^^^^^
  File "/Users/br/Desktop/IT/Projects/Lesta/TestTask/testenv/lib/python3.11/site-packages/django/views/decorators/cache.py", line 80, in _view_wrapper
    response = view_func(request, *args, **kwargs)
               ^^^^^^^^^^^^^^^^^^^^^^^^^^^^^^^^^^^
  File "/Users/br/Desktop/IT/Projects/Lesta/TestTask/testenv/lib/python3.11/site-packages/django/contrib/admin/sites.py", line 241, in inner
    return view(request, *args, **kwargs)
           ^^^^^^^^^^^^^^^^^^^^^^^^^^^^^^
  File "/Users/br/Desktop/IT/Projects/Lesta/TestTask/testenv/lib/python3.11/site-packages/django/contrib/admin/options.py", line 1961, in add_view
    return self.changeform_view(request, None, form_url, extra_context)
           ^^^^^^^^^^^^^^^^^^^^^^^^^^^^^^^^^^^^^^^^^^^^^^^^^^^^^^^^^^^^
  File "/Users/br/Desktop/IT/Projects/Lesta/TestTask/testenv/lib/python3.11/site-packages/django/utils/decorators.py", line 48, in _wrapper
    return bound_method(*args, **kwargs)
           ^^^^^^^^^^^^^^^^^^^^^^^^^^^^^
  File "/Users/br/Desktop/IT/Projects/Lesta/TestTask/testenv/lib/python3.11/site-packages/django/utils/decorators.py", line 188, in _view_wrapper
    result = _process_exception(request, e)
             ^^^^^^^^^^^^^^^^^^^^^^^^^^^^^^
  File "/Users/br/Desktop/IT/Projects/Lesta/TestTask/testenv/lib/python3.11/site-packages/django/utils/decorators.py", line 186, in _view_wrapper
    response = view_func(request, *args, **kwargs)
               ^^^^^^^^^^^^^^^^^^^^^^^^^^^^^^^^^^^
  File "/Users/br/Desktop/IT/Projects/Lesta/TestTask/testenv/lib/python3.11/site-packages/django/contrib/admin/options.py", line 1820, in changeform_view
    return self._changeform_view(request, object_id, form_url, extra_context)
           ^^^^^^^^^^^^^^^^^^^^^^^^^^^^^^^^^^^^^^^^^^^^^^^^^^^^^^^^^^^^^^^^^^
  File "/Users/br/Desktop/IT/Projects/Lesta/TestTask/testenv/lib/python3.11/site-packages/django/contrib/admin/options.py", line 1877, in _changeform_view
    self.log_addition(request, new_object, change_message)
  File "/Users/br/Desktop/IT/Projects/Lesta/TestTask/testenv/lib/python3.11/site-packages/django/contrib/admin/options.py", line 952, in log_addition
    return LogEntry.objects.log_actions(
           ^^^^^^^^^^^^^^^^^^^^^^^^^^^^^
  File "/Users/br/Desktop/IT/Projects/Lesta/TestTask/testenv/lib/python3.11/site-packages/django/contrib/admin/models.py", line 82, in log_actions
    log_entry_list = [
                     ^
  File "/Users/br/Desktop/IT/Projects/Lesta/TestTask/testenv/lib/python3.11/site-packages/django/contrib/admin/models.py", line 89, in <listcomp>
    object_repr=str(obj)[:200],
                ^^^^^^^^
  File "/Users/br/Desktop/IT/Projects/Lesta/TestTask/words/models.py", line 66, in __str__
    return f"{self.id} - {self.word}"
                          ^^^^^^^^^
AttributeError: 'WordsInFiles' object has no attribute 'word'
[2025-02-18 15:27:58,518] ERROR basehttp 28229 13045145600 "POST /admin/words/wordsinfiles/add/ HTTP/1.1" 500 133340
[2025-02-18 15:28:38,639] INFO autoreload 28229 8649908736 /Users/br/Desktop/IT/Projects/Lesta/TestTask/words/models.py changed, reloading.
[2025-02-18 15:28:39,181] INFO autoreload 28258 8673419776 Watching for file changes with StatReloader
[2025-02-18 15:28:41,168] INFO basehttp 28258 13095374848 "POST /admin/words/wordsinfiles/add/ HTTP/1.1" 302 0
[2025-02-18 15:28:41,285] INFO basehttp 28258 13095374848 "GET /admin/words/wordsinfiles/ HTTP/1.1" 200 14335
[2025-02-18 15:28:41,332] INFO basehttp 28258 13095374848 "GET /admin/jsi18n/ HTTP/1.1" 200 3342
[2025-02-18 15:30:13,707] INFO autoreload 28258 8673419776 /Users/br/Desktop/IT/Projects/Lesta/TestTask/words/models.py changed, reloading.
[2025-02-18 15:30:14,157] INFO autoreload 28303 8605848064 Watching for file changes with StatReloader
[2025-02-18 15:30:17,476] ERROR log 28303 12960043008 Internal Server Error: /admin/words/wordsinfiles/
Traceback (most recent call last):
  File "/Users/br/Desktop/IT/Projects/Lesta/TestTask/testenv/lib/python3.11/site-packages/django/db/backends/utils.py", line 105, in _execute
    return self.cursor.execute(sql, params)
           ^^^^^^^^^^^^^^^^^^^^^^^^^^^^^^^^
  File "/Users/br/Desktop/IT/Projects/Lesta/TestTask/testenv/lib/python3.11/site-packages/psycopg/cursor.py", line 97, in execute
    raise ex.with_traceback(None)
psycopg.errors.UndefinedColumn: column words_wordsinfiles.file_id does not exist
LINE 1: ... "words_wordsinfiles" INNER JOIN "words_file" ON ("words_wor...
                                                             ^

The above exception was the direct cause of the following exception:

Traceback (most recent call last):
  File "/Users/br/Desktop/IT/Projects/Lesta/TestTask/testenv/lib/python3.11/site-packages/django/core/handlers/exception.py", line 55, in inner
    response = get_response(request)
               ^^^^^^^^^^^^^^^^^^^^^
  File "/Users/br/Desktop/IT/Projects/Lesta/TestTask/testenv/lib/python3.11/site-packages/django/core/handlers/base.py", line 197, in _get_response
    response = wrapped_callback(request, *callback_args, **callback_kwargs)
               ^^^^^^^^^^^^^^^^^^^^^^^^^^^^^^^^^^^^^^^^^^^^^^^^^^^^^^^^^^^^
  File "/Users/br/Desktop/IT/Projects/Lesta/TestTask/testenv/lib/python3.11/site-packages/django/contrib/admin/options.py", line 718, in wrapper
    return self.admin_site.admin_view(view)(*args, **kwargs)
           ^^^^^^^^^^^^^^^^^^^^^^^^^^^^^^^^^^^^^^^^^^^^^^^^^
  File "/Users/br/Desktop/IT/Projects/Lesta/TestTask/testenv/lib/python3.11/site-packages/django/utils/decorators.py", line 188, in _view_wrapper
    result = _process_exception(request, e)
             ^^^^^^^^^^^^^^^^^^^^^^^^^^^^^^
  File "/Users/br/Desktop/IT/Projects/Lesta/TestTask/testenv/lib/python3.11/site-packages/django/utils/decorators.py", line 186, in _view_wrapper
    response = view_func(request, *args, **kwargs)
               ^^^^^^^^^^^^^^^^^^^^^^^^^^^^^^^^^^^
  File "/Users/br/Desktop/IT/Projects/Lesta/TestTask/testenv/lib/python3.11/site-packages/django/views/decorators/cache.py", line 80, in _view_wrapper
    response = view_func(request, *args, **kwargs)
               ^^^^^^^^^^^^^^^^^^^^^^^^^^^^^^^^^^^
  File "/Users/br/Desktop/IT/Projects/Lesta/TestTask/testenv/lib/python3.11/site-packages/django/contrib/admin/sites.py", line 241, in inner
    return view(request, *args, **kwargs)
           ^^^^^^^^^^^^^^^^^^^^^^^^^^^^^^
  File "/Users/br/Desktop/IT/Projects/Lesta/TestTask/testenv/lib/python3.11/site-packages/django/utils/decorators.py", line 48, in _wrapper
    return bound_method(*args, **kwargs)
           ^^^^^^^^^^^^^^^^^^^^^^^^^^^^^
  File "/Users/br/Desktop/IT/Projects/Lesta/TestTask/testenv/lib/python3.11/site-packages/django/utils/decorators.py", line 188, in _view_wrapper
    result = _process_exception(request, e)
             ^^^^^^^^^^^^^^^^^^^^^^^^^^^^^^
  File "/Users/br/Desktop/IT/Projects/Lesta/TestTask/testenv/lib/python3.11/site-packages/django/utils/decorators.py", line 186, in _view_wrapper
    response = view_func(request, *args, **kwargs)
               ^^^^^^^^^^^^^^^^^^^^^^^^^^^^^^^^^^^
  File "/Users/br/Desktop/IT/Projects/Lesta/TestTask/testenv/lib/python3.11/site-packages/django/contrib/admin/options.py", line 2121, in changelist_view
    media = self.media + formset.media
                         ^^^^^^^^^^^^^
  File "/Users/br/Desktop/IT/Projects/Lesta/TestTask/testenv/lib/python3.11/site-packages/django/forms/formsets.py", line 521, in media
    if self.forms:
       ^^^^^^^^^^
  File "/Users/br/Desktop/IT/Projects/Lesta/TestTask/testenv/lib/python3.11/site-packages/django/utils/functional.py", line 47, in __get__
    res = instance.__dict__[self.name] = self.func(instance)
                                         ^^^^^^^^^^^^^^^^^^^
  File "/Users/br/Desktop/IT/Projects/Lesta/TestTask/testenv/lib/python3.11/site-packages/django/forms/formsets.py", line 207, in forms
    for i in range(self.total_form_count())
                   ^^^^^^^^^^^^^^^^^^^^^^^
  File "/Users/br/Desktop/IT/Projects/Lesta/TestTask/testenv/lib/python3.11/site-packages/django/forms/formsets.py", line 182, in total_form_count
    initial_forms = self.initial_form_count()
                    ^^^^^^^^^^^^^^^^^^^^^^^^^
  File "/Users/br/Desktop/IT/Projects/Lesta/TestTask/testenv/lib/python3.11/site-packages/django/forms/models.py", line 697, in initial_form_count
    return len(self.get_queryset())
           ^^^^^^^^^^^^^^^^^^^^^^^^
  File "/Users/br/Desktop/IT/Projects/Lesta/TestTask/testenv/lib/python3.11/site-packages/django/db/models/query.py", line 382, in __len__
    self._fetch_all()
  File "/Users/br/Desktop/IT/Projects/Lesta/TestTask/testenv/lib/python3.11/site-packages/django/db/models/query.py", line 1928, in _fetch_all
    self._result_cache = list(self._iterable_class(self))
                         ^^^^^^^^^^^^^^^^^^^^^^^^^^^^^^^^
  File "/Users/br/Desktop/IT/Projects/Lesta/TestTask/testenv/lib/python3.11/site-packages/django/db/models/query.py", line 91, in __iter__
    results = compiler.execute_sql(
              ^^^^^^^^^^^^^^^^^^^^^
  File "/Users/br/Desktop/IT/Projects/Lesta/TestTask/testenv/lib/python3.11/site-packages/django/db/models/sql/compiler.py", line 1574, in execute_sql
    cursor.execute(sql, params)
  File "/Users/br/Desktop/IT/Projects/Lesta/TestTask/testenv/lib/python3.11/site-packages/django/db/backends/utils.py", line 122, in execute
    return super().execute(sql, params)
           ^^^^^^^^^^^^^^^^^^^^^^^^^^^^
  File "/Users/br/Desktop/IT/Projects/Lesta/TestTask/testenv/lib/python3.11/site-packages/django/db/backends/utils.py", line 79, in execute
    return self._execute_with_wrappers(
           ^^^^^^^^^^^^^^^^^^^^^^^^^^^^
  File "/Users/br/Desktop/IT/Projects/Lesta/TestTask/testenv/lib/python3.11/site-packages/django/db/backends/utils.py", line 92, in _execute_with_wrappers
    return executor(sql, params, many, context)
           ^^^^^^^^^^^^^^^^^^^^^^^^^^^^^^^^^^^^
  File "/Users/br/Desktop/IT/Projects/Lesta/TestTask/testenv/lib/python3.11/site-packages/django/db/backends/utils.py", line 100, in _execute
    with self.db.wrap_database_errors:
  File "/Users/br/Desktop/IT/Projects/Lesta/TestTask/testenv/lib/python3.11/site-packages/django/db/utils.py", line 91, in __exit__
    raise dj_exc_value.with_traceback(traceback) from exc_value
  File "/Users/br/Desktop/IT/Projects/Lesta/TestTask/testenv/lib/python3.11/site-packages/django/db/backends/utils.py", line 105, in _execute
    return self.cursor.execute(sql, params)
           ^^^^^^^^^^^^^^^^^^^^^^^^^^^^^^^^
  File "/Users/br/Desktop/IT/Projects/Lesta/TestTask/testenv/lib/python3.11/site-packages/psycopg/cursor.py", line 97, in execute
    raise ex.with_traceback(None)
django.db.utils.ProgrammingError: column words_wordsinfiles.file_id does not exist
LINE 1: ... "words_wordsinfiles" INNER JOIN "words_file" ON ("words_wor...
                                                             ^
[2025-02-18 15:30:17,479] ERROR basehttp 28303 12960043008 "GET /admin/words/wordsinfiles/ HTTP/1.1" 500 205243
[2025-02-18 15:31:35,651] INFO basehttp 28303 12960043008 "GET /admin/words/wordsinfiles/ HTTP/1.1" 200 14054
[2025-02-18 15:31:35,693] INFO basehttp 28303 12960043008 "GET /admin/jsi18n/ HTTP/1.1" 200 3342
[2025-02-18 15:31:35,705] INFO basehttp 28303 12960043008 "GET /static/admin/img/icon-addlink.svg HTTP/1.1" 304 0
[2025-02-18 15:31:39,369] INFO basehttp 28303 12960043008 "GET /admin/words/wordsinfiles/add/ HTTP/1.1" 200 14604
[2025-02-18 15:31:39,384] INFO basehttp 28303 12976832512 "GET /static/admin/img/icon-changelink.svg HTTP/1.1" 304 0
[2025-02-18 15:31:39,418] INFO basehttp 28303 12960043008 "GET /admin/jsi18n/ HTTP/1.1" 200 3342
[2025-02-18 15:34:25,776] INFO autoreload 28303 8605848064 /Users/br/Desktop/IT/Projects/Lesta/TestTask/words/models.py changed, reloading.
[2025-02-18 15:34:26,236] INFO autoreload 28410 8672035328 Watching for file changes with StatReloader
[2025-02-18 15:34:30,449] INFO basehttp 28410 13090410496 "POST /admin/words/wordsinfiles/add/ HTTP/1.1" 200 14785
[2025-02-18 15:34:30,465] INFO basehttp 28410 13107200000 "GET /static/admin/css/forms.css HTTP/1.1" 304 0
[2025-02-18 15:34:30,466] INFO basehttp 28410 13123989504 "GET /static/admin/js/vendor/jquery/jquery.js HTTP/1.1" 304 0
[2025-02-18 15:34:30,467] INFO basehttp 28410 13140779008 "GET /static/admin/js/core.js HTTP/1.1" 304 0
[2025-02-18 15:34:30,467] INFO basehttp 28410 13157568512 "GET /static/admin/js/actions.js HTTP/1.1" 304 0
[2025-02-18 15:34:30,467] INFO basehttp 28410 13174358016 "GET /static/admin/js/admin/RelatedObjectLookups.js HTTP/1.1" 304 0
[2025-02-18 15:34:30,468] INFO basehttp 28410 13107200000 "GET /static/admin/js/jquery.init.js HTTP/1.1" 304 0
[2025-02-18 15:34:30,471] INFO basehttp 28410 13123989504 "GET /static/admin/js/urlify.js HTTP/1.1" 304 0
[2025-02-18 15:34:30,472] INFO basehttp 28410 13107200000 "GET /static/admin/js/change_form.js HTTP/1.1" 304 0
[2025-02-18 15:34:30,473] INFO basehttp 28410 13174358016 "GET /static/admin/js/prepopulate_init.js HTTP/1.1" 304 0
[2025-02-18 15:34:30,473] INFO basehttp 28410 13157568512 "GET /static/admin/js/prepopulate.js HTTP/1.1" 304 0
[2025-02-18 15:34:30,473] INFO basehttp 28410 13140779008 "GET /static/admin/js/vendor/xregexp/xregexp.js HTTP/1.1" 304 0
[2025-02-18 15:34:30,473] INFO basehttp 28410 13123989504 "GET /static/admin/css/widgets.css HTTP/1.1" 304 0
[2025-02-18 15:34:30,491] INFO basehttp 28410 13090410496 "GET /admin/jsi18n/ HTTP/1.1" 200 3342
[2025-02-18 15:34:43,374] INFO basehttp 28410 13107200000 "POST /admin/words/wordsinfiles/add/ HTTP/1.1" 302 0
[2025-02-18 15:34:43,471] INFO basehttp 28410 13174358016 "GET /admin/words/wordsinfiles/ HTTP/1.1" 200 14884
[2025-02-18 15:34:43,484] INFO basehttp 28410 13157568512 "GET /static/admin/css/changelists.css HTTP/1.1" 304 0
[2025-02-18 15:34:43,487] INFO basehttp 28410 13123989504 "GET /static/admin/js/filters.js HTTP/1.1" 304 0
[2025-02-18 15:34:43,519] INFO basehttp 28410 13140779008 "GET /admin/jsi18n/ HTTP/1.1" 200 3342
[2025-02-18 15:34:43,530] INFO basehttp 28410 13090410496 "GET /static/admin/img/tooltag-add.svg HTTP/1.1" 304 0
[2025-02-18 15:37:40,413] INFO basehttp 28410 13090410496 "GET /admin/words/file/ HTTP/1.1" 200 13811
[2025-02-18 15:37:40,461] INFO basehttp 28410 13090410496 "GET /admin/jsi18n/ HTTP/1.1" 200 3342
[2025-02-18 15:37:41,645] INFO basehttp 28410 13090410496 "GET /admin/words/file/2/change/ HTTP/1.1" 200 14858
[2025-02-18 15:37:41,699] INFO basehttp 28410 13090410496 "GET /admin/jsi18n/ HTTP/1.1" 200 3342
[2025-02-18 15:37:43,285] WARNING log 28410 13090410496 Not Found: /files/2025/02/18/requirements.txt
[2025-02-18 15:37:43,286] WARNING basehttp 28410 13090410496 "GET /files/2025/02/18/requirements.txt HTTP/1.1" 404 2685
[2025-02-18 15:37:51,835] INFO basehttp 28410 13090410496 "GET /admin/words/file/2/change/ HTTP/1.1" 200 14858
[2025-02-18 15:37:51,879] INFO basehttp 28410 13090410496 "GET /admin/jsi18n/ HTTP/1.1" 200 3342
[2025-02-18 15:38:07,342] INFO basehttp 28410 13090410496 "GET /admin/words/file/ HTTP/1.1" 200 13811
[2025-02-18 15:38:07,847] INFO basehttp 28410 13090410496 "GET /admin/words/wordsinfiles/ HTTP/1.1" 200 14665
[2025-02-18 15:38:11,260] INFO basehttp 28410 13090410496 "GET /admin/ HTTP/1.1" 200 9858
[2025-02-18 15:38:11,272] INFO basehttp 28410 13090410496 "GET /static/admin/css/dashboard.css HTTP/1.1" 304 0
[2025-02-18 15:38:40,558] INFO autoreload 28410 8672035328 /Users/br/Desktop/IT/Projects/Lesta/TestTask/words/admin.py changed, reloading.
[2025-02-18 15:38:41,132] INFO autoreload 28491 8610537984 Watching for file changes with StatReloader
[2025-02-18 15:44:45,358] INFO autoreload 28491 8610537984 /Users/br/Desktop/IT/Projects/Lesta/TestTask/words/models.py changed, reloading.
[2025-02-18 15:44:45,923] INFO autoreload 28771 8678072832 Watching for file changes with StatReloader
[2025-02-18 15:45:08,224] INFO autoreload 28771 8678072832 /Users/br/Desktop/IT/Projects/Lesta/TestTask/words/urls.py changed, reloading.
[2025-02-18 15:45:08,655] INFO autoreload 28792 8669729280 Watching for file changes with StatReloader
[2025-02-18 15:51:51,936] INFO autoreload 28792 8669729280 /Users/br/Desktop/IT/Projects/Lesta/TestTask/words/views.py changed, reloading.
[2025-02-18 15:51:52,608] INFO autoreload 28928 8604520960 Watching for file changes with StatReloader
[2025-02-18 15:56:15,229] INFO autoreload 28928 8604520960 /Users/br/Desktop/IT/Projects/Lesta/TestTask/words/views.py changed, reloading.
[2025-02-18 15:56:15,794] INFO autoreload 29021 8646119936 Watching for file changes with StatReloader
[2025-02-18 15:57:15,013] INFO autoreload 29021 8646119936 /Users/br/Desktop/IT/Projects/Lesta/TestTask/TestTask/settings.py changed, reloading.
[2025-02-18 15:57:15,546] INFO autoreload 29065 8647692800 Watching for file changes with StatReloader
[2025-02-18 15:58:15,347] INFO autoreload 29065 8647692800 /Users/br/Desktop/IT/Projects/Lesta/TestTask/words/views.py changed, reloading.
[2025-02-18 15:58:15,848] INFO autoreload 29087 8643064320 Watching for file changes with StatReloader
[2025-02-18 15:58:21,175] WARNING log 29087 13031936000 Not Found: /
[2025-02-18 15:58:21,176] WARNING basehttp 29087 13031936000 "GET / HTTP/1.1" 404 2328
[2025-02-18 15:58:24,753] WARNING log 29087 13031936000 Not Found: /
[2025-02-18 15:58:24,753] WARNING basehttp 29087 13031936000 "GET / HTTP/1.1" 404 2328
[2025-02-18 15:58:42,423] INFO autoreload 29087 8643064320 /Users/br/Desktop/IT/Projects/Lesta/TestTask/words/urls.py changed, reloading.
[2025-02-18 15:58:42,963] INFO autoreload 29107 8603148800 Watching for file changes with StatReloader
[2025-02-18 15:58:43,574] INFO basehttp 29107 12952702976 "GET / HTTP/1.1" 200 329
[2025-02-18 15:58:43,586] INFO basehttp 29107 12952702976 "GET /static/file_upload_style.css HTTP/1.1" 200 25
[2025-02-18 16:02:11,353] INFO basehttp 29107 12952702976 "GET / HTTP/1.1" 200 483
[2025-02-18 16:02:11,360] INFO basehttp 29107 12952702976 "GET /static/file_upload_style.css HTTP/1.1" 200 219
[2025-02-18 16:02:24,899] INFO basehttp 29107 12952702976 "GET / HTTP/1.1" 200 479
[2025-02-18 16:02:24,906] INFO basehttp 29107 12952702976 "GET /static/file_upload_style.css HTTP/1.1" 304 0
[2025-02-18 16:02:27,274] INFO basehttp 29107 12952702976 "GET / HTTP/1.1" 200 479
[2025-02-18 16:08:22,518] INFO basehttp 29107 12952702976 "GET / HTTP/1.1" 200 1599
[2025-02-18 16:08:22,525] INFO basehttp 29107 12952702976 "GET /static/file_upload_style.css HTTP/1.1" 304 0
[2025-02-18 16:09:12,054] INFO basehttp 29107 12952702976 "GET / HTTP/1.1" 200 1601
[2025-02-18 16:09:12,059] INFO basehttp 29107 12952702976 "GET /static/file_upload_style.css HTTP/1.1" 304 0
[2025-02-18 16:12:04,358] INFO basehttp 29107 12952702976 "GET / HTTP/1.1" 200 1601
[2025-02-18 16:12:04,362] INFO basehttp 29107 12952702976 "GET /static/file_upload_style.css HTTP/1.1" 200 564
[2025-02-18 16:13:57,135] INFO basehttp 29107 12952702976 "GET / HTTP/1.1" 200 1601
[2025-02-18 16:13:57,142] INFO basehttp 29107 12952702976 "GET /static/file_upload_style.css HTTP/1.1" 200 801
[2025-02-18 16:14:06,396] INFO basehttp 29107 12952702976 "GET / HTTP/1.1" 200 1601
[2025-02-18 16:14:06,403] INFO basehttp 29107 12952702976 "GET /static/file_upload_style.css HTTP/1.1" 200 801
[2025-02-18 16:14:07,281] INFO basehttp 29107 12952702976 "GET / HTTP/1.1" 200 1601
[2025-02-18 16:14:07,287] INFO basehttp 29107 12952702976 "GET /static/file_upload_style.css HTTP/1.1" 304 0
[2025-02-18 16:14:18,527] INFO basehttp 29107 12952702976 "GET / HTTP/1.1" 200 1601
[2025-02-18 16:14:18,533] INFO basehttp 29107 12952702976 "GET /static/file_upload_style.css HTTP/1.1" 200 803
[2025-02-18 16:14:56,578] INFO basehttp 29107 12952702976 "GET / HTTP/1.1" 200 1601
[2025-02-18 16:14:56,584] INFO basehttp 29107 12952702976 "GET /static/file_upload_style.css HTTP/1.1" 200 846
[2025-02-18 16:16:11,253] INFO basehttp 29107 12952702976 "GET / HTTP/1.1" 200 1601
[2025-02-18 16:16:11,259] INFO basehttp 29107 12952702976 "GET /static/file_upload_style.css HTTP/1.1" 200 934
[2025-02-18 16:16:23,523] INFO basehttp 29107 12952702976 "GET / HTTP/1.1" 200 1601
[2025-02-18 16:16:23,528] INFO basehttp 29107 12952702976 "GET /static/file_upload_style.css HTTP/1.1" 200 955
[2025-02-18 16:20:15,893] INFO basehttp 29107 12952702976 "GET / HTTP/1.1" 200 1601
[2025-02-18 16:20:15,900] INFO basehttp 29107 12952702976 "GET /static/file_upload_style.css HTTP/1.1" 200 1347
[2025-02-18 16:20:25,596] INFO basehttp 29107 12952702976 "GET / HTTP/1.1" 200 1601
[2025-02-18 16:20:25,602] INFO basehttp 29107 12952702976 "GET /static/file_upload_style.css HTTP/1.1" 200 1365
[2025-02-18 16:20:37,010] INFO basehttp 29107 12952702976 "GET / HTTP/1.1" 200 1601
[2025-02-18 16:20:37,024] INFO basehttp 29107 12952702976 "GET /static/file_upload_style.css HTTP/1.1" 200 1365
[2025-02-18 16:24:48,839] INFO basehttp 29107 12952702976 "GET / HTTP/1.1" 200 1601
[2025-02-18 16:24:48,846] INFO basehttp 29107 12952702976 "GET /static/file_upload_style.css HTTP/1.1" 200 1857
[2025-02-18 16:26:42,819] INFO basehttp 29107 12952702976 "GET / HTTP/1.1" 200 1609
[2025-02-18 16:26:42,827] INFO basehttp 29107 12952702976 "GET /static/file_upload_style.css HTTP/1.1" 200 1876
[2025-02-18 16:26:43,633] INFO basehttp 29107 12952702976 "GET / HTTP/1.1" 200 1609
[2025-02-18 16:26:43,639] INFO basehttp 29107 12952702976 "GET /static/file_upload_style.css HTTP/1.1" 304 0
[2025-02-18 16:30:19,139] INFO basehttp 29107 12952702976 "GET / HTTP/1.1" 200 1609
[2025-02-18 16:30:19,146] INFO basehttp 29107 12952702976 "GET /static/file_upload_style.css HTTP/1.1" 200 2113
[2025-02-18 16:30:20,337] INFO basehttp 29107 12952702976 "GET / HTTP/1.1" 200 1609
[2025-02-18 16:30:20,343] INFO basehttp 29107 12952702976 "GET /static/file_upload_style.css HTTP/1.1" 304 0
[2025-02-18 16:33:12,379] INFO basehttp 29107 12952702976 "GET / HTTP/1.1" 200 1604
[2025-02-18 16:33:12,387] INFO basehttp 29107 12952702976 "GET /static/file_upload_style.css HTTP/1.1" 200 2155
[2025-02-18 16:33:30,524] INFO basehttp 29107 12952702976 "GET / HTTP/1.1" 200 1604
[2025-02-18 16:33:30,531] INFO basehttp 29107 12952702976 "GET /static/file_upload_style.css HTTP/1.1" 200 2179
[2025-02-18 16:33:50,678] INFO basehttp 29107 12952702976 "GET / HTTP/1.1" 200 1604
[2025-02-18 16:33:50,683] INFO basehttp 29107 12952702976 "GET /static/file_upload_style.css HTTP/1.1" 304 0
[2025-02-18 16:34:43,996] INFO basehttp 29107 12952702976 "GET / HTTP/1.1" 200 3005
[2025-02-18 16:34:44,003] INFO basehttp 29107 12952702976 "GET /static/file_upload_style.css HTTP/1.1" 200 2231
[2025-02-18 16:34:50,674] INFO basehttp 29107 12952702976 "GET / HTTP/1.1" 200 4861
[2025-02-18 16:34:50,680] INFO basehttp 29107 12952702976 "GET /static/file_upload_style.css HTTP/1.1" 304 0
[2025-02-18 16:39:28,614] INFO basehttp 29107 12952702976 "GET / HTTP/1.1" 200 4853
[2025-02-18 16:39:28,621] INFO basehttp 29107 12952702976 "GET /static/file_upload_style.css HTTP/1.1" 200 2278
[2025-02-18 16:40:54,386] INFO basehttp 29107 12952702976 "GET / HTTP/1.1" 200 4853
[2025-02-18 16:40:54,391] INFO basehttp 29107 12952702976 "GET /static/file_upload_style.css HTTP/1.1" 200 2264
[2025-02-18 16:41:12,688] INFO basehttp 29107 12952702976 "GET / HTTP/1.1" 200 4853
[2025-02-18 16:41:12,695] INFO basehttp 29107 12952702976 "GET /static/file_upload_style.css HTTP/1.1" 200 2315
[2025-02-18 16:42:23,558] INFO basehttp 29107 12952702976 "GET / HTTP/1.1" 200 4853
[2025-02-18 16:42:23,565] INFO basehttp 29107 12952702976 "GET /static/file_upload_style.css HTTP/1.1" 200 2392
[2025-02-18 16:43:10,087] INFO basehttp 29107 12952702976 "GET / HTTP/1.1" 200 4853
[2025-02-18 16:43:10,095] INFO basehttp 29107 12952702976 "GET /static/file_upload_style.css HTTP/1.1" 200 2344
[2025-02-18 16:43:10,849] INFO basehttp 29107 12952702976 "GET / HTTP/1.1" 200 4853
[2025-02-18 16:43:10,854] INFO basehttp 29107 12952702976 "GET /static/file_upload_style.css HTTP/1.1" 304 0
[2025-02-18 16:43:26,252] INFO basehttp 29107 12952702976 "GET / HTTP/1.1" 200 4853
[2025-02-18 16:43:26,259] INFO basehttp 29107 12952702976 "GET /static/file_upload_style.css HTTP/1.1" 200 2211
[2025-02-18 16:44:44,554] INFO basehttp 29107 12952702976 "GET / HTTP/1.1" 200 4853
[2025-02-18 16:44:44,564] INFO basehttp 29107 12952702976 "GET /static/file_upload_style.css HTTP/1.1" 200 2208
[2025-02-18 16:44:45,446] INFO basehttp 29107 12952702976 "GET / HTTP/1.1" 200 4853
[2025-02-18 16:44:45,454] INFO basehttp 29107 12952702976 "GET /static/file_upload_style.css HTTP/1.1" 304 0
[2025-02-18 16:44:52,010] INFO basehttp 29107 12952702976 "GET / HTTP/1.1" 200 4853
[2025-02-18 16:44:52,017] INFO basehttp 29107 12952702976 "GET /static/file_upload_style.css HTTP/1.1" 304 0
[2025-02-18 16:45:20,467] INFO basehttp 29107 12952702976 "GET / HTTP/1.1" 200 1605
[2025-02-18 16:45:20,473] INFO basehttp 29107 12952702976 "GET /static/file_upload_style.css HTTP/1.1" 304 0
[2025-02-18 16:45:21,490] INFO basehttp 29107 12952702976 "GET / HTTP/1.1" 200 1605
[2025-02-18 16:46:02,040] INFO basehttp 29107 12952702976 "GET / HTTP/1.1" 200 1605
[2025-02-18 16:46:02,044] INFO basehttp 29107 12952702976 "GET /static/file_upload_style.css HTTP/1.1" 200 2208
[2025-02-18 16:46:02,621] INFO basehttp 29107 12952702976 "GET / HTTP/1.1" 200 1605
[2025-02-18 16:46:02,626] INFO basehttp 29107 12952702976 "GET /static/file_upload_style.css HTTP/1.1" 304 0
[2025-02-18 16:46:35,207] INFO basehttp 29107 12952702976 "GET / HTTP/1.1" 200 1605
[2025-02-18 16:46:35,214] INFO basehttp 29107 12952702976 "GET /static/file_upload_style.css HTTP/1.1" 200 2112
[2025-02-18 16:48:44,835] INFO basehttp 29107 12952702976 "GET / HTTP/1.1" 200 1605
[2025-02-18 16:48:44,843] INFO basehttp 29107 12952702976 "GET /static/file_upload_style.css HTTP/1.1" 200 2023
[2025-02-18 16:51:42,646] INFO basehttp 29107 12952702976 "GET / HTTP/1.1" 200 1605
[2025-02-18 16:51:42,653] INFO basehttp 29107 12952702976 "GET /static/file_upload_style.css HTTP/1.1" 200 2201
[2025-02-18 16:51:55,853] INFO basehttp 29107 12952702976 "GET / HTTP/1.1" 200 1605
[2025-02-18 16:51:55,859] INFO basehttp 29107 12952702976 "GET /static/file_upload_style.css HTTP/1.1" 200 2201
[2025-02-18 16:54:36,436] INFO basehttp 29107 12952702976 "GET / HTTP/1.1" 200 1678
[2025-02-18 16:54:36,441] INFO basehttp 29107 12952702976 "GET /static/styles/file_upload_style.css HTTP/1.1" 200 2201
[2025-02-18 16:54:36,444] INFO basehttp 29107 12969492480 "GET /static/scripts/upload_file_script.js HTTP/1.1" 200 2444
[2025-02-18 16:56:11,587] INFO basehttp 29107 12952702976 "GET / HTTP/1.1" 200 1678
[2025-02-18 16:56:11,601] INFO basehttp 29107 12952702976 "GET /static/styles/file_upload_style.css HTTP/1.1" 200 2201
[2025-02-18 16:56:11,603] INFO basehttp 29107 12969492480 "GET /static/scripts/upload_file_script.js HTTP/1.1" 200 2444
[2025-02-18 16:56:12,296] WARNING log 29107 12969492480 Not Found: /favicon.ico
[2025-02-18 16:56:12,297] WARNING basehttp 29107 12969492480 "GET /favicon.ico HTTP/1.1" 404 2612
[2025-02-18 16:56:55,634] INFO basehttp 29107 12969492480 "GET / HTTP/1.1" 200 1678
[2025-02-18 16:56:55,651] INFO basehttp 29107 12969492480 "GET /static/styles/file_upload_style.css HTTP/1.1" 304 0
[2025-02-18 16:56:55,653] INFO basehttp 29107 12952702976 "GET /static/scripts/upload_file_script.js HTTP/1.1" 200 2430
[2025-02-18 16:57:38,061] INFO basehttp 29107 12952702976 "GET / HTTP/1.1" 200 1748
[2025-02-18 16:57:38,066] INFO basehttp 29107 12952702976 "GET /static/styles/file_upload_style.css HTTP/1.1" 304 0
[2025-02-18 16:57:38,070] INFO basehttp 29107 12952702976 "GET /static/scripts/upload_file_script.js HTTP/1.1" 200 2430
[2025-02-18 16:57:43,938] WARNING log 29107 12952702976 Forbidden (CSRF token missing.): /
[2025-02-18 16:57:43,939] WARNING basehttp 29107 12952702976 "POST / HTTP/1.1" 403 2491
[2025-02-18 16:57:49,768] WARNING log 29107 12952702976 Forbidden (CSRF token missing.): /
[2025-02-18 16:57:49,769] WARNING basehttp 29107 12952702976 "POST / HTTP/1.1" 403 2491
[2025-02-18 16:57:57,289] WARNING log 29107 12952702976 Forbidden (CSRF token missing.): /
[2025-02-18 16:57:57,290] WARNING basehttp 29107 12952702976 "POST / HTTP/1.1" 403 2491
[2025-02-18 16:58:04,357] INFO basehttp 29107 12952702976 "GET / HTTP/1.1" 200 1748
[2025-02-18 16:58:04,366] INFO basehttp 29107 12952702976 "GET /static/scripts/upload_file_script.js HTTP/1.1" 304 0
[2025-02-18 16:58:36,223] INFO basehttp 29107 12952702976 "GET / HTTP/1.1" 200 728
[2025-02-18 16:58:36,229] INFO basehttp 29107 12952702976 "GET /static/styles/file_upload_style.css HTTP/1.1" 304 0
[2025-02-18 16:58:36,231] INFO basehttp 29107 12969492480 "GET /static/scripts/upload_file_script.js HTTP/1.1" 304 0
[2025-02-18 16:58:40,374] WARNING log 29107 12952702976 Forbidden (CSRF token missing.): /
[2025-02-18 16:58:40,375] WARNING basehttp 29107 12952702976 "POST / HTTP/1.1" 403 2491
[2025-02-18 16:59:03,118] INFO basehttp 29107 12986281984 "GET / HTTP/1.1" 200 728
[2025-02-18 16:59:03,131] INFO basehttp 29107 13003071488 "GET /static/scripts/upload_file_script.js HTTP/1.1" 304 0
[2025-02-18 16:59:03,131] INFO basehttp 29107 12986281984 "GET /static/styles/file_upload_style.css HTTP/1.1" 304 0
[2025-02-18 16:59:11,400] WARNING log 29107 13003071488 Forbidden (CSRF token missing.): /
[2025-02-18 16:59:11,401] WARNING basehttp 29107 13003071488 "POST / HTTP/1.1" 403 2491
[2025-02-18 16:59:39,908] INFO basehttp 29107 13003071488 "GET / HTTP/1.1" 200 871
[2025-02-18 16:59:39,921] INFO basehttp 29107 13003071488 "GET /static/scripts/upload_file_script.js HTTP/1.1" 304 0
[2025-02-18 16:59:45,363] INFO basehttp 29107 13003071488 "POST / HTTP/1.1" 200 871
[2025-02-18 17:00:09,613] INFO autoreload 29107 8603148800 /Users/br/Desktop/IT/Projects/Lesta/TestTask/words/views.py changed, reloading.
[2025-02-18 17:00:10,176] INFO autoreload 29893 8606102016 Watching for file changes with StatReloader
[2025-02-18 17:00:18,175] ERROR log 29893 12957736960 Internal Server Error: /
Traceback (most recent call last):
  File "/Users/br/Desktop/IT/Projects/Lesta/TestTask/testenv/lib/python3.11/site-packages/django/core/handlers/exception.py", line 55, in inner
    response = get_response(request)
               ^^^^^^^^^^^^^^^^^^^^^
  File "/Users/br/Desktop/IT/Projects/Lesta/TestTask/testenv/lib/python3.11/site-packages/django/core/handlers/base.py", line 197, in _get_response
    response = wrapped_callback(request, *callback_args, **callback_kwargs)
               ^^^^^^^^^^^^^^^^^^^^^^^^^^^^^^^^^^^^^^^^^^^^^^^^^^^^^^^^^^^^
  File "/Users/br/Desktop/IT/Projects/Lesta/TestTask/words/views.py", line 6, in file_loader
    print(request.data)
          ^^^^^^^^^^^^
AttributeError: 'WSGIRequest' object has no attribute 'data'
[2025-02-18 17:00:18,176] ERROR basehttp 29893 12957736960 "POST / HTTP/1.1" 500 62306
[2025-02-18 17:00:37,738] INFO autoreload 29893 8606102016 /Users/br/Desktop/IT/Projects/Lesta/TestTask/words/views.py changed, reloading.
[2025-02-18 17:00:38,190] INFO autoreload 29905 8635961856 Watching for file changes with StatReloader
[2025-02-18 17:00:44,808] INFO basehttp 29905 13017182208 "POST / HTTP/1.1" 200 871
[2025-02-18 17:00:52,606] INFO autoreload 29905 8635961856 /Users/br/Desktop/IT/Projects/Lesta/TestTask/words/views.py changed, reloading.
[2025-02-18 17:00:53,063] INFO autoreload 29921 8645386752 Watching for file changes with StatReloader
[2025-02-18 17:00:57,025] INFO basehttp 29921 13037568000 "POST / HTTP/1.1" 200 871
[2025-02-18 17:01:36,669] INFO basehttp 29921 13037568000 "GET / HTTP/1.1" 200 871
[2025-02-18 17:01:36,682] INFO basehttp 29921 13037568000 "GET /static/styles/file_upload_style.css HTTP/1.1" 304 0
[2025-02-18 17:01:36,688] INFO basehttp 29921 13054357504 "GET /static/scripts/upload_file_script.js HTTP/1.1" 200 2553
[2025-02-18 17:01:50,495] INFO basehttp 29921 13054357504 "GET / HTTP/1.1" 200 871
[2025-02-18 17:01:50,503] INFO basehttp 29921 13054357504 "GET /static/scripts/upload_file_script.js HTTP/1.1" 200 2556
[2025-02-18 17:03:11,048] INFO basehttp 29921 13054357504 "GET / HTTP/1.1" 200 871
[2025-02-18 17:03:11,059] INFO basehttp 29921 13037568000 "GET /static/scripts/upload_file_script.js HTTP/1.1" 304 0
[2025-02-18 17:03:11,059] INFO basehttp 29921 13054357504 "GET /static/styles/file_upload_style.css HTTP/1.1" 304 0
[2025-02-18 17:06:12,986] INFO basehttp 29921 13071147008 "GET / HTTP/1.1" 200 887
[2025-02-18 17:06:12,994] INFO basehttp 29921 13071147008 "GET /static/styles/file_upload_style.css HTTP/1.1" 304 0
[2025-02-18 17:06:12,995] INFO basehttp 29921 13087936512 "GET /static/scripts/upload_file_script.js HTTP/1.1" 200 3040
[2025-02-18 17:06:17,917] INFO basehttp 29921 13071147008 "POST / HTTP/1.1" 200 887
[2025-02-18 17:06:17,926] INFO basehttp 29921 13087936512 "GET /static/scripts/upload_file_script.js HTTP/1.1" 304 0
[2025-02-18 17:07:27,034] INFO basehttp 29921 13071147008 "GET / HTTP/1.1" 200 887
[2025-02-18 17:07:27,764] INFO basehttp 29921 13071147008 "GET / HTTP/1.1" 200 887
[2025-02-18 17:07:27,774] INFO basehttp 29921 13071147008 "GET /static/scripts/upload_file_script.js HTTP/1.1" 200 571
[2025-02-18 17:07:28,961] INFO basehttp 29921 13071147008 "GET /admin/ HTTP/1.1" 200 9862
[2025-02-18 17:07:29,052] INFO basehttp 29921 13071147008 "GET /admin/words/wordsinfiles/ HTTP/1.1" 200 14659
[2025-02-18 17:07:29,095] INFO basehttp 29921 13071147008 "GET /admin/jsi18n/ HTTP/1.1" 200 3342
[2025-02-18 17:07:32,090] INFO basehttp 29921 13071147008 "GET /admin/ HTTP/1.1" 200 9862
[2025-02-18 17:07:33,246] INFO basehttp 29921 13071147008 "GET / HTTP/1.1" 200 887
[2025-02-18 17:07:33,251] INFO basehttp 29921 13071147008 "GET /static/scripts/upload_file_script.js HTTP/1.1" 304 0
[2025-02-18 17:07:39,281] INFO basehttp 29921 13071147008 "POST / HTTP/1.1" 200 887
[2025-02-18 17:07:39,291] INFO basehttp 29921 13071147008 "GET /static/styles/file_upload_style.css HTTP/1.1" 200 2465
[2025-02-18 17:07:39,292] INFO basehttp 29921 13087936512 "GET /static/scripts/upload_file_script.js HTTP/1.1" 304 0
[2025-02-18 17:09:27,244] INFO basehttp 29921 13071147008 "GET / HTTP/1.1" 200 809
[2025-02-18 17:09:27,946] INFO basehttp 29921 13071147008 "GET / HTTP/1.1" 200 809
[2025-02-18 17:09:27,953] INFO basehttp 29921 13071147008 "GET /static/styles/file_upload_style.css HTTP/1.1" 200 972
[2025-02-18 17:09:27,956] INFO basehttp 29921 13087936512 "GET /static/scripts/upload_file_script.js HTTP/1.1" 304 0
[2025-02-18 17:09:32,914] INFO basehttp 29921 13071147008 "POST / HTTP/1.1" 200 809
[2025-02-18 17:11:35,131] INFO basehttp 29921 13071147008 "GET / HTTP/1.1" 200 880
[2025-02-18 17:11:35,139] INFO basehttp 29921 13071147008 "GET /static/styles/file_upload_style.css HTTP/1.1" 304 0
[2025-02-18 17:11:35,142] INFO basehttp 29921 13087936512 "GET /static/scripts/upload_file_script.js HTTP/1.1" 304 0
[2025-02-18 17:13:07,492] INFO basehttp 29921 13071147008 "GET / HTTP/1.1" 200 943
[2025-02-18 17:13:07,497] INFO basehttp 29921 13071147008 "GET /static/styles/file_upload_style.css HTTP/1.1" 200 1042
[2025-02-18 17:13:07,501] INFO basehttp 29921 13087936512 "GET /static/scripts/upload_file_script.js HTTP/1.1" 304 0
[2025-02-18 17:13:14,592] INFO basehttp 29921 13037568000 "GET / HTTP/1.1" 200 943
[2025-02-18 17:13:14,609] INFO basehttp 29921 13037568000 "GET /static/styles/file_upload_style.css HTTP/1.1" 200 1042
[2025-02-18 17:13:14,610] INFO basehttp 29921 13054357504 "GET /static/scripts/upload_file_script.js HTTP/1.1" 200 571
[2025-02-18 17:24:51,574] INFO basehttp 29921 13071147008 "GET / HTTP/1.1" 200 1025
[2025-02-18 17:24:51,586] INFO basehttp 29921 13037568000 "GET /static/scripts/upload_file_script.js HTTP/1.1" 304 0
[2025-02-18 17:24:51,587] INFO basehttp 29921 13071147008 "GET /static/styles/file_upload_style.css HTTP/1.1" 200 1132
[2025-02-18 17:24:59,955] INFO basehttp 29921 13071147008 "GET / HTTP/1.1" 200 1025
[2025-02-18 17:24:59,964] INFO basehttp 29921 13071147008 "GET /static/styles/file_upload_style.css HTTP/1.1" 304 0
[2025-02-18 17:25:51,459] INFO basehttp 29921 13071147008 "GET / HTTP/1.1" 200 1025
[2025-02-18 17:25:51,472] INFO basehttp 29921 13071147008 "GET /static/styles/file_upload_style.css HTTP/1.1" 304 0
[2025-02-18 17:27:22,084] INFO basehttp 29921 13037568000 "GET / HTTP/1.1" 200 1038
[2025-02-18 17:27:22,098] INFO basehttp 29921 13054357504 "GET /static/scripts/upload_file_script.js HTTP/1.1" 304 0
[2025-02-18 17:27:22,099] INFO basehttp 29921 13037568000 "GET /static/styles/file_upload_style.css HTTP/1.1" 200 1269
[2025-02-18 17:27:22,818] INFO basehttp 29921 13037568000 "GET / HTTP/1.1" 200 1038
[2025-02-18 17:29:24,813] INFO basehttp 29921 13071147008 "GET / HTTP/1.1" 200 1052
[2025-02-18 17:29:24,826] INFO basehttp 29921 13071147008 "GET /static/styles/file_upload_style.css HTTP/1.1" 200 1269
[2025-02-18 17:29:24,828] INFO basehttp 29921 13087936512 "GET /static/scripts/upload_file_script.js HTTP/1.1" 304 0
[2025-02-18 17:29:25,699] INFO basehttp 29921 13071147008 "GET / HTTP/1.1" 200 1052
[2025-02-18 17:30:19,553] INFO basehttp 29921 13071147008 "GET / HTTP/1.1" 200 1156
[2025-02-18 17:30:19,560] INFO basehttp 29921 13071147008 "GET /static/styles/file_upload_style.css HTTP/1.1" 304 0
[2025-02-18 17:30:33,155] INFO basehttp 29921 13071147008 "GET / HTTP/1.1" 200 1053
[2025-02-18 17:30:53,755] INFO basehttp 29921 13071147008 "GET / HTTP/1.1" 200 997
[2025-02-18 17:30:53,762] INFO basehttp 29921 13071147008 "GET /static/styles/file_upload_style.css HTTP/1.1" 200 1269
[2025-02-18 17:31:01,812] INFO basehttp 29921 13071147008 "GET / HTTP/1.1" 200 997
[2025-02-18 17:31:01,818] INFO basehttp 29921 13071147008 "GET /static/styles/file_upload_style.css HTTP/1.1" 200 1269
[2025-02-18 17:36:58,705] INFO basehttp 29921 13037568000 "GET / HTTP/1.1" 200 1151
[2025-02-18 17:36:58,725] INFO basehttp 29921 13054357504 "GET /static/scripts/upload_file_script.js HTTP/1.1" 304 0
[2025-02-18 17:36:58,726] INFO basehttp 29921 13037568000 "GET /static/styles/file_upload_style.css HTTP/1.1" 200 1269
[2025-02-18 17:37:13,800] INFO basehttp 29921 13037568000 "GET / HTTP/1.1" 200 1150
[2025-02-18 17:37:16,469] INFO basehttp 29921 13037568000 "GET / HTTP/1.1" 200 1150
[2025-02-18 17:37:17,216] INFO basehttp 29921 13037568000 "GET / HTTP/1.1" 200 1150
[2025-02-18 17:37:37,787] INFO basehttp 29921 13037568000 "GET / HTTP/1.1" 200 1135
[2025-02-18 17:37:37,804] INFO basehttp 29921 13037568000 "GET /static/styles/file_upload_style.css HTTP/1.1" 304 0
[2025-02-18 17:38:05,654] INFO basehttp 29921 13037568000 "GET / HTTP/1.1" 200 890
[2025-02-18 17:38:24,566] INFO autoreload 29921 8645386752 /Users/br/Desktop/IT/Projects/Lesta/TestTask/words/views.py changed, reloading.
[2025-02-18 17:38:25,179] INFO autoreload 30329 8644575744 Watching for file changes with StatReloader
[2025-02-18 17:38:26,723] INFO basehttp 30329 13034483712 "GET / HTTP/1.1" 200 1266
[2025-02-18 17:38:26,732] INFO basehttp 30329 13034483712 "GET /static/styles/file_upload_style.css HTTP/1.1" 304 0
[2025-02-18 17:38:57,497] INFO basehttp 30329 13034483712 "GET / HTTP/1.1" 200 1266
[2025-02-18 17:38:58,415] INFO basehttp 30329 13034483712 "GET / HTTP/1.1" 200 1266
[2025-02-18 17:39:09,324] INFO basehttp 30329 13034483712 "GET / HTTP/1.1" 200 1262
[2025-02-18 17:39:25,421] INFO basehttp 30329 13034483712 "GET / HTTP/1.1" 200 1252
[2025-02-18 17:39:25,445] INFO basehttp 30329 13034483712 "GET /static/styles/file_upload_style.css HTTP/1.1" 200 1303
[2025-02-18 17:39:43,000] INFO basehttp 30329 13034483712 "GET / HTTP/1.1" 200 1258
[2025-02-18 17:39:43,015] INFO basehttp 30329 13034483712 "GET /static/styles/file_upload_style.css HTTP/1.1" 304 0
[2025-02-18 17:40:13,448] INFO basehttp 30329 13034483712 "GET / HTTP/1.1" 200 1260
[2025-02-18 17:40:13,460] INFO basehttp 30329 13051273216 "GET /static/scripts/upload_file_script.js HTTP/1.1" 304 0
[2025-02-18 17:40:13,460] INFO basehttp 30329 13034483712 "GET /static/styles/file_upload_style.css HTTP/1.1" 304 0
[2025-02-18 17:42:53,425] INFO basehttp 30329 13068062720 "GET / HTTP/1.1" 200 1260
[2025-02-18 17:42:53,434] INFO basehttp 30329 13068062720 "GET /static/styles/file_upload_style.css HTTP/1.1" 200 1307
[2025-02-18 17:42:53,436] INFO basehttp 30329 13084852224 "GET /static/scripts/upload_file_script.js HTTP/1.1" 304 0
[2025-02-18 17:43:09,963] INFO basehttp 30329 13034483712 "GET / HTTP/1.1" 200 1262
[2025-02-18 17:43:09,977] INFO basehttp 30329 13034483712 "GET /static/styles/file_upload_style.css HTTP/1.1" 200 1307
[2025-02-18 17:44:22,148] INFO basehttp 30329 13034483712 "GET / HTTP/1.1" 200 1260
[2025-02-18 17:44:22,160] INFO basehttp 30329 13034483712 "GET /static/styles/file_upload_style.css HTTP/1.1" 200 1304
[2025-02-18 17:44:22,162] INFO basehttp 30329 13051273216 "GET /static/scripts/upload_file_script.js HTTP/1.1" 304 0
[2025-02-18 17:45:15,043] INFO basehttp 30329 13051273216 "GET / HTTP/1.1" 200 1319
[2025-02-18 17:45:15,056] INFO basehttp 30329 13051273216 "GET /static/styles/file_upload_style.css HTTP/1.1" 304 0
[2025-02-18 17:45:31,468] INFO basehttp 30329 13051273216 "GET / HTTP/1.1" 200 1317
[2025-02-18 17:45:31,479] INFO basehttp 30329 13051273216 "GET /static/styles/file_upload_style.css HTTP/1.1" 304 0
[2025-02-18 17:45:40,814] INFO basehttp 30329 13051273216 "GET / HTTP/1.1" 200 1318
[2025-02-18 17:45:40,828] INFO basehttp 30329 13051273216 "GET /static/styles/file_upload_style.css HTTP/1.1" 304 0
[2025-02-18 17:45:48,297] INFO basehttp 30329 13051273216 "GET / HTTP/1.1" 200 1319
[2025-02-18 17:46:28,925] INFO basehttp 30329 13051273216 "GET / HTTP/1.1" 200 1304
[2025-02-18 17:46:28,939] INFO basehttp 30329 13051273216 "GET /static/styles/file_upload_style.css HTTP/1.1" 304 0
[2025-02-18 17:46:40,640] INFO basehttp 30329 13051273216 "GET / HTTP/1.1" 200 1305
[2025-02-18 17:46:57,090] INFO basehttp 30329 13051273216 "GET / HTTP/1.1" 200 1305
[2025-02-18 17:46:57,103] INFO basehttp 30329 13051273216 "GET /static/styles/file_upload_style.css HTTP/1.1" 304 0
[2025-02-18 17:47:25,974] INFO basehttp 30329 13051273216 "GET / HTTP/1.1" 200 1305
[2025-02-18 17:47:25,988] INFO basehttp 30329 13051273216 "GET /static/styles/file_upload_style.css HTTP/1.1" 304 0
[2025-02-18 17:47:38,905] INFO basehttp 30329 13051273216 "GET / HTTP/1.1" 200 1305
[2025-02-18 17:48:15,225] INFO basehttp 30329 13051273216 "GET / HTTP/1.1" 200 1305
[2025-02-18 17:48:15,234] INFO basehttp 30329 13034483712 "GET /static/scripts/upload_file_script.js HTTP/1.1" 304 0
[2025-02-18 17:48:15,234] INFO basehttp 30329 13051273216 "GET /static/styles/file_upload_style.css HTTP/1.1" 200 1304
[2025-02-18 17:48:42,787] INFO basehttp 30329 13051273216 "GET / HTTP/1.1" 200 1305
[2025-02-18 17:48:42,797] INFO basehttp 30329 13051273216 "GET /static/styles/file_upload_style.css HTTP/1.1" 200 1309
[2025-02-18 17:48:57,344] INFO basehttp 30329 13051273216 "GET / HTTP/1.1" 200 1305
[2025-02-18 17:48:57,353] INFO basehttp 30329 13051273216 "GET /static/styles/file_upload_style.css HTTP/1.1" 200 1309
[2025-02-18 17:51:48,172] INFO autoreload 30329 8644575744 /Users/br/Desktop/IT/Projects/Lesta/TestTask/words/views.py changed, reloading.
[2025-02-18 17:51:48,791] INFO autoreload 30526 8635572736 Watching for file changes with StatReloader
[2025-02-18 17:51:53,973] INFO autoreload 30526 8635572736 /Users/br/Desktop/IT/Projects/Lesta/TestTask/words/views.py changed, reloading.
[2025-02-18 17:51:54,399] INFO autoreload 30540 8677577216 Watching for file changes with StatReloader
[2025-02-18 17:51:56,214] INFO basehttp 30540 13100916736 "GET / HTTP/1.1" 200 890
[2025-02-18 17:51:56,224] INFO basehttp 30540 13100916736 "GET /static/styles/file_upload_style.css HTTP/1.1" 304 0
[2025-02-18 17:51:56,982] INFO basehttp 30540 13100916736 "GET / HTTP/1.1" 200 890
[2025-02-18 17:51:57,718] INFO basehttp 30540 13100916736 "GET / HTTP/1.1" 200 890
[2025-02-18 17:52:34,171] INFO basehttp 30540 13100916736 "POST / HTTP/1.1" 200 890
[2025-02-18 17:52:34,181] INFO basehttp 30540 13100916736 "GET /static/styles/file_upload_style.css HTTP/1.1" 304 0
[2025-02-18 17:52:34,182] INFO basehttp 30540 13117706240 "GET /static/scripts/upload_file_script.js HTTP/1.1" 304 0
[2025-02-18 17:53:05,736] INFO basehttp 30540 13117706240 "GET / HTTP/1.1" 200 891
[2025-02-18 17:53:06,252] INFO basehttp 30540 13117706240 "GET / HTTP/1.1" 200 891
[2025-02-18 17:53:06,264] INFO basehttp 30540 13117706240 "GET /static/styles/file_upload_style.css HTTP/1.1" 304 0
[2025-02-18 17:53:10,075] INFO basehttp 30540 13117706240 "POST / HTTP/1.1" 200 891
[2025-02-18 17:53:46,451] INFO autoreload 30540 8677577216 /Users/br/Desktop/IT/Projects/Lesta/TestTask/words/views.py changed, reloading.
[2025-02-18 17:53:46,982] INFO autoreload 30582 8634008064 Watching for file changes with StatReloader
[2025-02-18 17:53:49,473] INFO basehttp 30582 13015318528 "GET / HTTP/1.1" 200 891
[2025-02-18 17:53:54,988] INFO basehttp 30582 13015318528 "GET / HTTP/1.1" 200 891
[2025-02-18 17:53:55,005] INFO basehttp 30582 13015318528 "GET /static/styles/file_upload_style.css HTTP/1.1" 304 0
[2025-02-18 17:53:58,994] INFO basehttp 30582 13015318528 "POST / HTTP/1.1" 200 891
[2025-02-18 17:54:28,265] INFO basehttp 30582 13015318528 "GET / HTTP/1.1" 200 891
[2025-02-18 17:54:49,061] INFO autoreload 30582 8634008064 /Users/br/Desktop/IT/Projects/Lesta/TestTask/words/views.py changed, reloading.
[2025-02-18 17:54:49,611] INFO autoreload 30609 8603636224 Watching for file changes with StatReloader
[2025-02-18 17:54:52,149] INFO basehttp 30609 12955443200 "GET / HTTP/1.1" 200 891
[2025-02-18 17:54:52,162] INFO basehttp 30609 12955443200 "GET /static/styles/file_upload_style.css HTTP/1.1" 304 0
[2025-02-18 17:54:56,561] INFO basehttp 30609 12955443200 "POST / HTTP/1.1" 200 963
[2025-02-18 17:55:08,148] INFO autoreload 30609 8603636224 /Users/br/Desktop/IT/Projects/Lesta/TestTask/words/views.py changed, reloading.
[2025-02-18 17:55:08,582] INFO autoreload 30623 8639902208 Watching for file changes with StatReloader
[2025-02-18 17:55:11,064] INFO basehttp 30623 13025484800 "GET / HTTP/1.1" 200 891
[2025-02-18 17:55:17,518] INFO basehttp 30623 13025484800 "GET / HTTP/1.1" 200 891
[2025-02-18 17:55:20,827] INFO basehttp 30623 13025484800 "POST / HTTP/1.1" 200 963
[2025-02-18 17:55:30,083] INFO autoreload 30623 8639902208 /Users/br/Desktop/IT/Projects/Lesta/TestTask/words/views.py changed, reloading.
[2025-02-18 17:55:30,557] INFO autoreload 30635 8671334912 Watching for file changes with StatReloader
[2025-02-18 17:55:32,307] INFO basehttp 30635 13090996224 "GET / HTTP/1.1" 200 891
[2025-02-18 17:55:33,111] INFO basehttp 30635 13090996224 "GET / HTTP/1.1" 200 891
[2025-02-18 17:55:33,124] INFO basehttp 30635 13090996224 "GET /static/styles/file_upload_style.css HTTP/1.1" 304 0
[2025-02-18 17:55:36,551] INFO basehttp 30635 13090996224 "POST / HTTP/1.1" 200 963
[2025-02-18 17:55:57,097] INFO autoreload 30635 8671334912 /Users/br/Desktop/IT/Projects/Lesta/TestTask/words/views.py changed, reloading.
[2025-02-18 17:55:57,524] INFO autoreload 30667 8639410688 Watching for file changes with StatReloader
[2025-02-18 17:56:00,545] INFO basehttp 30667 13024845824 "GET / HTTP/1.1" 200 891
[2025-02-18 17:56:10,069] INFO basehttp 30667 13024845824 "GET / HTTP/1.1" 200 891
[2025-02-18 17:56:13,407] INFO basehttp 30667 13024845824 "POST / HTTP/1.1" 200 979
[2025-02-18 17:56:13,420] INFO basehttp 30667 13024845824 "GET /static/styles/file_upload_style.css HTTP/1.1" 304 0
[2025-02-18 17:56:23,102] INFO basehttp 30667 13024845824 "GET / HTTP/1.1" 200 891
[2025-02-18 17:56:27,553] INFO basehttp 30667 13024845824 "GET / HTTP/1.1" 200 891
[2025-02-18 17:56:27,566] INFO basehttp 30667 13041635328 "GET /static/scripts/upload_file_script.js HTTP/1.1" 304 0
[2025-02-18 17:56:27,569] INFO basehttp 30667 13024845824 "GET /static/styles/file_upload_style.css HTTP/1.1" 200 1309
[2025-02-18 17:56:31,734] INFO basehttp 30667 13041635328 "POST / HTTP/1.1" 200 979
[2025-02-18 17:57:16,348] INFO basehttp 30667 13024845824 "GET / HTTP/1.1" 200 877
[2025-02-18 17:57:16,355] INFO basehttp 30667 13024845824 "GET /static/styles/file_upload_style.css HTTP/1.1" 304 0
[2025-02-18 17:57:19,737] INFO basehttp 30667 13024845824 "POST / HTTP/1.1" 200 999
[2025-02-18 17:57:24,219] INFO basehttp 30667 13024845824 "GET /admin/ HTTP/1.1" 200 9862
[2025-02-18 17:57:41,292] INFO autoreload 30667 8639410688 /Users/br/Desktop/IT/Projects/Lesta/TestTask/words/views.py changed, reloading.
[2025-02-18 17:57:41,844] INFO autoreload 30720 8609169920 Watching for file changes with StatReloader
[2025-02-18 17:57:43,852] INFO basehttp 30720 12963401728 "GET / HTTP/1.1" 200 877
[2025-02-18 17:58:05,457] INFO basehttp 30720 12963401728 "GET / HTTP/1.1" 200 890
[2025-02-18 17:59:34,667] INFO basehttp 30720 12963401728 "GET / HTTP/1.1" 200 890
[2025-02-18 17:59:34,680] INFO basehttp 30720 12963401728 "GET /static/styles/file_upload_style.css HTTP/1.1" 200 1436
[2025-02-18 17:59:50,812] INFO basehttp 30720 12963401728 "GET / HTTP/1.1" 200 890
[2025-02-18 17:59:50,819] INFO basehttp 30720 12963401728 "GET /static/styles/file_upload_style.css HTTP/1.1" 200 1479
[2025-02-18 18:00:02,426] INFO basehttp 30720 12963401728 "GET / HTTP/1.1" 200 890
[2025-02-18 18:00:02,432] INFO basehttp 30720 12963401728 "GET /static/styles/file_upload_style.css HTTP/1.1" 200 1479
[2025-02-18 18:05:27,084] INFO basehttp 30720 12963401728 "GET / HTTP/1.1" 200 890
[2025-02-18 18:05:27,091] INFO basehttp 30720 12963401728 "GET /static/styles/file_upload_style.css HTTP/1.1" 304 0
[2025-02-18 18:05:27,093] INFO basehttp 30720 12980191232 "GET /static/scripts/upload_file_script.js HTTP/1.1" 200 768
[2025-02-18 18:05:45,065] INFO basehttp 30720 12963401728 "GET / HTTP/1.1" 200 890
[2025-02-18 18:05:45,072] INFO basehttp 30720 12980191232 "GET /static/scripts/upload_file_script.js HTTP/1.1" 304 0
[2025-02-18 18:05:46,422] INFO basehttp 30720 12963401728 "GET /admin/ HTTP/1.1" 200 9862
[2025-02-18 18:05:47,884] INFO basehttp 30720 12980191232 "GET / HTTP/1.1" 200 890
[2025-02-18 18:05:47,893] INFO basehttp 30720 12963401728 "GET /static/scripts/upload_file_script.js HTTP/1.1" 304 0
[2025-02-18 18:06:03,908] INFO basehttp 30720 12996980736 "GET / HTTP/1.1" 200 890
[2025-02-18 18:06:03,922] INFO basehttp 30720 12996980736 "GET /static/styles/file_upload_style.css HTTP/1.1" 200 1479
[2025-02-18 18:06:03,923] INFO basehttp 30720 13013770240 "GET /static/scripts/upload_file_script.js HTTP/1.1" 200 768
[2025-02-18 18:06:03,946] WARNING log 30720 13013770240 Not Found: /favicon.ico
[2025-02-18 18:06:03,947] WARNING basehttp 30720 13013770240 "GET /favicon.ico HTTP/1.1" 404 2612
[2025-02-18 18:06:27,670] INFO basehttp 30720 13013770240 "GET / HTTP/1.1" 200 890
[2025-02-18 18:06:27,680] INFO basehttp 30720 13013770240 "GET /static/scripts/upload_file_script.js HTTP/1.1" 200 768
[2025-02-18 18:06:34,208] INFO basehttp 30720 13013770240 "POST / HTTP/1.1" 200 1012
[2025-02-18 18:06:34,215] INFO basehttp 30720 13013770240 "GET /static/scripts/upload_file_script.js HTTP/1.1" 304 0
[2025-02-18 18:06:40,655] INFO basehttp 30720 13013770240 "POST / HTTP/1.1" 200 1012
[2025-02-18 18:06:40,666] INFO basehttp 30720 13013770240 "GET /static/scripts/upload_file_script.js HTTP/1.1" 304 0
[2025-02-18 18:06:40,666] INFO basehttp 30720 12996980736 "GET /static/styles/file_upload_style.css HTTP/1.1" 304 0
[2025-02-18 18:06:44,309] INFO basehttp 30720 12996980736 "POST / HTTP/1.1" 200 1012
[2025-02-18 18:06:44,318] INFO basehttp 30720 12996980736 "GET /static/scripts/upload_file_script.js HTTP/1.1" 304 0
[2025-02-18 18:08:01,674] INFO basehttp 30720 12963401728 "GET / HTTP/1.1" 200 890
[2025-02-18 18:08:01,683] INFO basehttp 30720 12963401728 "GET /static/styles/file_upload_style.css HTTP/1.1" 304 0
[2025-02-18 18:08:01,686] INFO basehttp 30720 12963401728 "GET /static/scripts/upload_file_script.js HTTP/1.1" 200 777
[2025-02-18 18:08:09,432] INFO basehttp 30720 12980191232 "POST / HTTP/1.1" 200 1012
[2025-02-18 18:08:09,441] INFO basehttp 30720 12980191232 "GET /static/styles/file_upload_style.css HTTP/1.1" 304 0
[2025-02-18 18:08:09,443] INFO basehttp 30720 12996980736 "GET /static/scripts/upload_file_script.js HTTP/1.1" 200 777
[2025-02-18 18:08:12,699] INFO basehttp 30720 12996980736 "POST / HTTP/1.1" 200 1012
[2025-02-18 18:08:12,709] INFO basehttp 30720 12996980736 "GET /static/scripts/upload_file_script.js HTTP/1.1" 304 0
[2025-02-18 18:08:13,305] INFO basehttp 30720 12996980736 "POST / HTTP/1.1" 200 1012
[2025-02-18 18:08:13,830] INFO basehttp 30720 12996980736 "POST / HTTP/1.1" 200 1012
[2025-02-18 18:08:13,840] INFO basehttp 30720 12996980736 "GET /static/scripts/upload_file_script.js HTTP/1.1" 304 0
[2025-02-18 18:08:16,043] INFO basehttp 30720 12996980736 "GET / HTTP/1.1" 200 890
[2025-02-18 18:08:17,871] INFO basehttp 30720 12996980736 "GET / HTTP/1.1" 200 890
[2025-02-18 18:08:17,880] INFO basehttp 30720 12996980736 "GET /static/scripts/upload_file_script.js HTTP/1.1" 304 0
[2025-02-18 18:08:18,464] INFO basehttp 30720 12996980736 "GET / HTTP/1.1" 200 890
[2025-02-18 18:08:18,781] INFO basehttp 30720 12996980736 "GET / HTTP/1.1" 200 890
[2025-02-18 18:08:30,974] INFO basehttp 30720 12996980736 "GET / HTTP/1.1" 200 890
[2025-02-18 18:08:30,982] INFO basehttp 30720 12996980736 "GET /static/scripts/upload_file_script.js HTTP/1.1" 304 0
[2025-02-18 18:08:51,337] INFO basehttp 30720 12996980736 "GET / HTTP/1.1" 200 890
[2025-02-18 18:08:51,349] INFO basehttp 30720 12996980736 "GET /static/scripts/upload_file_script.js HTTP/1.1" 200 780
[2025-02-18 18:09:06,689] INFO basehttp 30720 12996980736 "GET / HTTP/1.1" 200 890
[2025-02-18 18:09:06,704] INFO basehttp 30720 12996980736 "GET /static/styles/file_upload_style.css HTTP/1.1" 304 0
[2025-02-18 18:09:06,706] INFO basehttp 30720 12980191232 "GET /static/scripts/upload_file_script.js HTTP/1.1" 200 771
[2025-02-18 18:09:20,754] INFO autoreload 30720 8609169920 /Users/br/Desktop/IT/Projects/Lesta/TestTask/words/views.py changed, reloading.
[2025-02-18 18:09:21,335] INFO autoreload 30952 8675267072 Watching for file changes with StatReloader
[2025-02-18 18:09:30,357] INFO basehttp 30952 13098725376 "GET / HTTP/1.1" 200 890
[2025-02-18 18:09:30,366] INFO basehttp 30952 13098725376 "GET /static/scripts/upload_file_script.js HTTP/1.1" 304 0
[2025-02-18 18:09:51,631] INFO basehttp 30952 13098725376 "GET / HTTP/1.1" 200 890
[2025-02-18 18:09:51,649] INFO basehttp 30952 13098725376 "GET /static/scripts/upload_file_script.js HTTP/1.1" 200 771
[2025-02-18 18:09:52,231] INFO basehttp 30952 13098725376 "GET / HTTP/1.1" 200 890
[2025-02-18 18:09:52,241] INFO basehttp 30952 13098725376 "GET /static/scripts/upload_file_script.js HTTP/1.1" 304 0
[2025-02-18 18:09:52,435] INFO basehttp 30952 13098725376 "GET / HTTP/1.1" 200 890
[2025-02-18 18:09:52,449] INFO basehttp 30952 13098725376 "GET /static/scripts/upload_file_script.js HTTP/1.1" 304 0
[2025-02-18 18:09:52,574] INFO basehttp 30952 13098725376 "GET / HTTP/1.1" 200 890
[2025-02-18 18:09:52,583] INFO basehttp 30952 13098725376 "GET /static/scripts/upload_file_script.js HTTP/1.1" 304 0
[2025-02-18 18:09:55,399] INFO basehttp 30952 13098725376 "POST / HTTP/1.1" 200 1012
[2025-02-18 18:09:55,407] INFO basehttp 30952 13098725376 "GET /static/scripts/upload_file_script.js HTTP/1.1" 304 0
[2025-02-18 18:10:05,529] INFO basehttp 30952 13098725376 "GET / HTTP/1.1" 200 890
[2025-02-18 18:10:09,449] INFO basehttp 30952 13098725376 "GET / HTTP/1.1" 200 890
[2025-02-18 18:10:09,463] INFO basehttp 30952 13098725376 "GET /static/styles/file_upload_style.css HTTP/1.1" 304 0
[2025-02-18 18:10:09,464] INFO basehttp 30952 13115514880 "GET /static/scripts/upload_file_script.js HTTP/1.1" 200 768
[2025-02-18 18:10:12,294] INFO basehttp 30952 13115514880 "POST / HTTP/1.1" 200 1012
[2025-02-18 18:10:12,307] INFO basehttp 30952 13115514880 "GET /static/scripts/upload_file_script.js HTTP/1.1" 304 0
[2025-02-18 18:11:35,028] INFO basehttp 30952 13115514880 "POST / HTTP/1.1" 200 1012
[2025-02-18 18:11:35,035] INFO basehttp 30952 13115514880 "GET /static/styles/file_upload_style.css HTTP/1.1" 304 0
[2025-02-18 18:11:35,037] INFO basehttp 30952 13115514880 "GET /static/scripts/upload_file_script.js HTTP/1.1" 304 0
[2025-02-18 18:11:39,142] INFO basehttp 30952 13115514880 "GET / HTTP/1.1" 200 890
[2025-02-18 18:13:16,133] INFO basehttp 30952 13098725376 "GET / HTTP/1.1" 200 884
[2025-02-18 18:13:16,140] INFO basehttp 30952 13098725376 "GET /static/styles/file_upload_style.css HTTP/1.1" 304 0
[2025-02-18 18:13:16,144] INFO basehttp 30952 13115514880 "GET /static/scripts/upload_file_script.js HTTP/1.1" 200 260
[2025-02-18 18:13:25,480] INFO basehttp 30952 13098725376 "GET / HTTP/1.1" 200 893
[2025-02-18 18:13:25,489] INFO basehttp 30952 13115514880 "GET /static/scripts/upload_file_script.js HTTP/1.1" 304 0
[2025-02-18 18:13:38,564] INFO basehttp 30952 13098725376 "POST / HTTP/1.1" 200 893
[2025-02-18 18:13:38,573] INFO basehttp 30952 13115514880 "GET /static/scripts/upload_file_script.js HTTP/1.1" 304 0
[2025-02-18 18:13:47,736] INFO autoreload 30952 8675267072 /Users/br/Desktop/IT/Projects/Lesta/TestTask/words/views.py changed, reloading.
[2025-02-18 18:13:48,320] INFO autoreload 31047 8610710016 Watching for file changes with StatReloader
[2025-02-18 21:21:27,095] INFO autoreload 32142 8679387648 Watching for file changes with StatReloader
[2025-02-18 21:35:55,862] INFO autoreload 32311 8673575424 Watching for file changes with StatReloader
[2025-02-18 21:38:17,184] INFO autoreload 32349 8599880192 Watching for file changes with StatReloader
[2025-02-18 21:38:18,771] INFO basehttp 32349 12948246528 "GET / HTTP/1.1" 200 1027
[2025-02-18 21:38:18,841] INFO basehttp 32349 12948246528 "GET /static/styles/file_upload_style.css HTTP/1.1" 304 0
[2025-02-18 21:38:18,841] INFO basehttp 32349 12965036032 "GET /static/scripts/upload_file_script.js HTTP/1.1" 304 0
[2025-02-18 21:38:36,567] INFO basehttp 32349 12948246528 "GET / HTTP/1.1" 200 950
[2025-02-18 21:38:37,605] INFO basehttp 32349 12965036032 "GET / HTTP/1.1" 200 950
[2025-02-18 21:38:40,956] INFO basehttp 32349 12948246528 "GET / HTTP/1.1" 200 950
[2025-02-18 21:39:00,722] INFO basehttp 32349 12981825536 "GET / HTTP/1.1" 200 950
[2025-02-18 21:39:00,737] INFO basehttp 32349 12981825536 "GET /static/styles/file_upload_style.css HTTP/1.1" 304 0
[2025-02-18 21:39:00,747] INFO basehttp 32349 12981825536 "GET /static/scripts/upload_file_script.js HTTP/1.1" 200 260
[2025-02-18 21:39:00,768] WARNING log 32349 12981825536 Not Found: /favicon.ico
[2025-02-18 21:39:00,769] WARNING basehttp 32349 12981825536 "GET /favicon.ico HTTP/1.1" 404 2612
[2025-02-18 21:40:32,072] INFO autoreload 32349 8599880192 /Users/br/Desktop/IT/Projects/Lesta/TestTask/words/forms.py changed, reloading.
[2025-02-18 21:40:32,550] INFO autoreload 32482 8613032448 Watching for file changes with StatReloader
[2025-02-18 21:40:34,312] INFO basehttp 32482 12971016192 "GET / HTTP/1.1" 200 950
[2025-02-18 21:40:36,268] INFO basehttp 32482 12971016192 "GET / HTTP/1.1" 200 950
[2025-02-18 21:41:30,884] INFO autoreload 32482 8613032448 /Users/br/Desktop/IT/Projects/Lesta/TestTask/words/forms.py changed, reloading.
[2025-02-18 21:41:31,411] INFO autoreload 32508 8600646144 Watching for file changes with StatReloader
[2025-02-18 21:41:33,884] INFO basehttp 32508 12947865600 "GET / HTTP/1.1" 200 950
[2025-02-18 21:41:35,166] INFO basehttp 32508 12947865600 "GET / HTTP/1.1" 200 950
[2025-02-18 21:41:46,197] INFO basehttp 32508 12947865600 "GET / HTTP/1.1" 200 1027
[2025-02-18 21:42:19,577] INFO autoreload 32508 8600646144 /Users/br/Desktop/IT/Projects/Lesta/TestTask/words/forms.py changed, reloading.
[2025-02-18 21:42:20,037] INFO autoreload 32526 8615166464 Watching for file changes with StatReloader
[2025-02-18 21:42:21,739] INFO basehttp 32526 12976861184 "GET / HTTP/1.1" 200 1027
[2025-02-18 21:42:22,942] INFO basehttp 32526 12976861184 "GET / HTTP/1.1" 200 1027
[2025-02-18 21:42:34,397] INFO basehttp 32526 12976861184 "GET / HTTP/1.1" 200 1027
[2025-02-18 21:42:38,904] INFO basehttp 32526 12976861184 "GET / HTTP/1.1" 200 1027
[2025-02-18 21:42:38,923] INFO basehttp 32526 12976861184 "GET /static/styles/file_upload_style.css HTTP/1.1" 200 1479
[2025-02-18 21:42:38,923] INFO basehttp 32526 12993650688 "GET /static/scripts/upload_file_script.js HTTP/1.1" 200 260
[2025-02-18 21:42:41,788] WARNING log 32526 12993650688 Not Found: /favicon.ico
[2025-02-18 21:42:41,789] WARNING basehttp 32526 12993650688 "GET /favicon.ico HTTP/1.1" 404 2612
[2025-02-18 21:44:31,609] INFO autoreload 32526 8615166464 /Users/br/Desktop/IT/Projects/Lesta/TestTask/words/views.py changed, reloading.
[2025-02-18 21:44:32,058] INFO autoreload 32576 8610419200 Watching for file changes with StatReloader
[2025-02-18 21:44:35,094] INFO basehttp 32576 12968869888 "GET / HTTP/1.1" 200 893
[2025-02-18 21:44:39,440] INFO basehttp 32576 12968869888 "POST / HTTP/1.1" 200 893
[2025-02-18 21:45:52,651] INFO autoreload 32576 8610419200 /Users/br/Desktop/IT/Projects/Lesta/TestTask/words/views.py changed, reloading.
[2025-02-18 21:45:53,050] INFO autoreload 32610 8605331968 Watching for file changes with StatReloader
[2025-02-18 21:46:00,370] INFO basehttp 32610 12956303360 "POST / HTTP/1.1" 200 1030
[2025-02-18 21:46:04,343] INFO basehttp 32610 12956303360 "POST / HTTP/1.1" 200 1030
[2025-02-18 21:46:04,990] INFO basehttp 32610 12956303360 "POST / HTTP/1.1" 200 1030
[2025-02-18 21:46:05,754] INFO basehttp 32610 12956303360 "GET / HTTP/1.1" 200 893
[2025-02-18 21:46:06,540] INFO basehttp 32610 12956303360 "GET / HTTP/1.1" 200 893
[2025-02-18 21:46:10,799] INFO basehttp 32610 12956303360 "POST / HTTP/1.1" 200 1030
[2025-02-18 21:48:39,146] INFO autoreload 32610 8605331968 /Users/br/Desktop/IT/Projects/Lesta/TestTask/words/views.py changed, reloading.
[2025-02-18 21:48:39,612] INFO autoreload 32653 8642736640 Watching for file changes with StatReloader
[2025-02-18 21:48:41,130] INFO basehttp 32653 13030944768 "POST / HTTP/1.1" 200 1023
[2025-02-18 21:49:07,262] INFO autoreload 32653 8642736640 /Users/br/Desktop/IT/Projects/Lesta/TestTask/words/views.py changed, reloading.
[2025-02-18 21:49:07,692] INFO autoreload 32673 8645808640 Watching for file changes with StatReloader
[2025-02-18 21:49:08,808] INFO basehttp 32673 13036883968 "POST / HTTP/1.1" 200 1023
[2025-02-18 21:49:12,974] INFO autoreload 32673 8645808640 /Users/br/Desktop/IT/Projects/Lesta/TestTask/words/views.py changed, reloading.
[2025-02-18 21:49:13,425] INFO autoreload 32680 8638325248 Watching for file changes with StatReloader
[2025-02-18 21:49:14,425] INFO basehttp 32680 13022875648 "POST / HTTP/1.1" 200 1030
[2025-02-18 21:49:28,820] INFO autoreload 32680 8638325248 /Users/br/Desktop/IT/Projects/Lesta/TestTask/words/views.py changed, reloading.
[2025-02-18 21:49:29,221] INFO autoreload 32696 8609907200 Watching for file changes with StatReloader
[2025-02-18 21:49:31,072] INFO basehttp 32696 12968271872 "POST / HTTP/1.1" 200 1021
[2025-02-19 09:44:31,566] INFO autoreload 32696 8609907200 /Users/br/Desktop/IT/Projects/Lesta/TestTask/words/views.py changed, reloading.
